#
# There is insufficient memory for the Java Runtime Environment to continue.
# Native memory allocation (malloc) failed to allocate 2056176 bytes for Chunk::new
# Possible reasons:
#   The system is out of physical RAM or swap space
#   The process is running with CompressedOops enabled, and the Java Heap may be blocking the growth of the native heap
# Possible solutions:
#   Reduce memory load on the system
#   Increase physical memory or swap space
#   Check if swap backing store is full
#   Decrease Java heap size (-Xmx/-Xms)
#   Decrease number of Java threads
#   Decrease Java thread stack sizes (-Xss)
#   Set larger code cache with -XX:ReservedCodeCacheSize=
#   JVM is running with Unscaled Compressed Oops mode in which the Java heap is
#     placed in the first 4GB address space. The Java Heap base address is the
#     maximum limit for the native heap growth. Please use -XX:HeapBaseMinAddress
#     to set the Java Heap base and to place the Java Heap above 4GB virtual address.
# This output file may be truncated or incomplete.
#
#  Out of Memory Error (./src/hotspot/share/memory/arena.cpp:197), pid=15156, tid=2676
#
# JRE version: OpenJDK Runtime Environment (11.0.12+7) (build 11.0.12+7-b1504.28-7817840)
# Java VM: OpenJDK 64-Bit Server VM (11.0.12+7-b1504.28-7817840, mixed mode, tiered, compressed oops, g1 gc, windows-amd64)
# No core dump will be written. Minidumps are not enabled by default on client versions of Windows
#

---------------  S U M M A R Y ------------

Command Line: --add-opens=java.base/java.util=ALL-UNNAMED --add-opens=java.base/java.lang=ALL-UNNAMED --add-opens=java.base/java.lang.invoke=ALL-UNNAMED --add-opens=java.base/java.util=ALL-UNNAMED --add-opens=java.prefs/java.util.prefs=ALL-UNNAMED --add-opens=java.prefs/java.util.prefs=ALL-UNNAMED --add-opens=java.base/java.nio.charset=ALL-UNNAMED --add-opens=java.base/java.net=ALL-UNNAMED --add-opens=java.base/java.util.concurrent.atomic=ALL-UNNAMED -Xmx2048m -Dfile.encoding=UTF-8 -Duser.country=IN -Duser.language=en -Duser.variant org.gradle.launcher.daemon.bootstrap.GradleDaemon 7.3.3

Host: Intel(R) Core(TM) i3-10110U CPU @ 2.10GHz, 4 cores, 3G,  Windows 10 , 64 bit Build 22621 (10.0.22621.963)
Time: Thu Mar 30 14:15:44 2023 India Standard Time elapsed time: 17.773595 seconds (0d 0h 0m 17s)

---------------  T H R E A D  ---------------

Current thread (0x0000021b6a08a800):  JavaThread "C2 CompilerThread0" daemon [_thread_in_native, id=2676, stack(0x0000009069200000,0x0000009069300000)]


Current CompileTask:
C2:  17773 6569   !   4       org.codehaus.groovy.reflection.stdclasses.CachedSAMClass::hasUsableImplementation (72 bytes)

Stack: [0x0000009069200000,0x0000009069300000]
Native frames: (J=compiled Java code, j=interpreted, Vv=VM code, C=native code)
V  [jvm.dll+0x5fbcea]
V  [jvm.dll+0x731905]
V  [jvm.dll+0x732f1d]
V  [jvm.dll+0x7335d3]
V  [jvm.dll+0x247bf8]
V  [jvm.dll+0xc018c]
V  [jvm.dll+0xc06cc]
V  [jvm.dll+0x35b2db]
V  [jvm.dll+0x328803]
V  [jvm.dll+0x327cfa]
V  [jvm.dll+0x200602]
V  [jvm.dll+0x1ff794]
V  [jvm.dll+0x18868c]
V  [jvm.dll+0x20e0d7]
V  [jvm.dll+0x20c901]
V  [jvm.dll+0x6f9b7f]
V  [jvm.dll+0x6f26a5]
V  [jvm.dll+0x5fabf6]
C  [ucrtbase.dll+0x29363]
C  [KERNEL32.DLL+0x126bd]
C  [ntdll.dll+0x5dfb8]


---------------  P R O C E S S  ---------------

Threads class SMR info:
_java_thread_list=0x0000021b6cca2410, length=79, elements={
0x0000021b4dbc6000, 0x0000021b69707000, 0x0000021b69709000, 0x0000021b6a082800,
0x0000021b6a083800, 0x0000021b6a084800, 0x0000021b6a08a800, 0x0000021b6a0af000,
0x0000021b6976c800, 0x0000021b6a1f1000, 0x0000021b6c06f800, 0x0000021b6c325800,
0x0000021b6c13c800, 0x0000021b6c34f800, 0x0000021b6c350800, 0x0000021b6c369000,
0x0000021b6c39a000, 0x0000021b6ae75800, 0x0000021b6c38a000, 0x0000021b6a47b800,
0x0000021b6a47a000, 0x0000021b6a476000, 0x0000021b6a476800, 0x0000021b6a47c800,
0x0000021b6a479000, 0x0000021b6a47a800, 0x0000021b6a477800, 0x0000021b6a478000,
0x0000021b6c3b9800, 0x0000021b6c3b8800, 0x0000021b6c3be800, 0x0000021b6c3bf000,
0x0000021b6c3bc000, 0x0000021b6c3bc800, 0x0000021b6c3ba000, 0x0000021b6c3bb000,
0x0000021b6c3c5000, 0x0000021b6c3c4000, 0x0000021b6c3c5800, 0x0000021b6c3c6800,
0x0000021b6c3c1800, 0x0000021b6c3c0800, 0x0000021b6c3c2800, 0x0000021b6c3c7800,
0x0000021b6c3c3000, 0x0000021b70321000, 0x0000021b70323000, 0x0000021b7031f000,
0x0000021b7031f800, 0x0000021b70322000, 0x0000021b7031e000, 0x0000021b70320800,
0x0000021b7031d000, 0x0000021b70328800, 0x0000021b70327000, 0x0000021b70324800,
0x0000021b70329800, 0x0000021b70323800, 0x0000021b7032a000, 0x0000021b7032b000,
0x0000021b70325800, 0x0000021b7032c000, 0x0000021b70326000, 0x0000021b70328000,
0x0000021b6e41d800, 0x0000021b6e420800, 0x0000021b6e41f800, 0x0000021b6e41e000,
0x0000021b6e41b000, 0x0000021b6e421800, 0x0000021b6e41b800, 0x0000021b6e422000,
0x0000021b6e41c800, 0x0000021b6e423000, 0x0000021b6e424000, 0x0000021b6e41f000,
0x0000021b6e424800, 0x0000021b6edc5000, 0x0000021b6e425800
}

Java Threads: ( => current thread )
  0x0000021b4dbc6000 JavaThread "main" [_thread_blocked, id=15428, stack(0x0000009068600000,0x0000009068700000)]
  0x0000021b69707000 JavaThread "Reference Handler" daemon [_thread_blocked, id=12556, stack(0x0000009068d00000,0x0000009068e00000)]
  0x0000021b69709000 JavaThread "Finalizer" daemon [_thread_blocked, id=31864, stack(0x0000009068e00000,0x0000009068f00000)]
  0x0000021b6a082800 JavaThread "Signal Dispatcher" daemon [_thread_blocked, id=20112, stack(0x0000009068f00000,0x0000009069000000)]
  0x0000021b6a083800 JavaThread "Attach Listener" daemon [_thread_blocked, id=23500, stack(0x0000009069000000,0x0000009069100000)]
  0x0000021b6a084800 JavaThread "Service Thread" daemon [_thread_blocked, id=35272, stack(0x0000009069100000,0x0000009069200000)]
=>0x0000021b6a08a800 JavaThread "C2 CompilerThread0" daemon [_thread_in_native, id=2676, stack(0x0000009069200000,0x0000009069300000)]
  0x0000021b6a0af000 JavaThread "C1 CompilerThread0" daemon [_thread_blocked, id=23400, stack(0x0000009069300000,0x0000009069400000)]
  0x0000021b6976c800 JavaThread "Sweeper thread" daemon [_thread_blocked, id=34784, stack(0x0000009069400000,0x0000009069500000)]
  0x0000021b6a1f1000 JavaThread "Common-Cleaner" daemon [_thread_blocked, id=20712, stack(0x0000009069500000,0x0000009069600000)]
  0x0000021b6c06f800 JavaThread "Daemon health stats" [_thread_blocked, id=10188, stack(0x0000009069800000,0x0000009069900000)]
  0x0000021b6c325800 JavaThread "Incoming local TCP Connector on port 62067" [_thread_in_native, id=13984, stack(0x0000009069900000,0x0000009069a00000)]
  0x0000021b6c13c800 JavaThread "Daemon periodic checks" [_thread_blocked, id=20512, stack(0x0000009069a00000,0x0000009069b00000)]
  0x0000021b6c34f800 JavaThread "Daemon" [_thread_blocked, id=31124, stack(0x0000009069b00000,0x0000009069c00000)]
  0x0000021b6c350800 JavaThread "Handler for socket connection from /127.0.0.1:62067 to /127.0.0.1:62068" [_thread_in_native, id=6700, stack(0x0000009069c00000,0x0000009069d00000)]
  0x0000021b6c369000 JavaThread "Cancel handler" [_thread_blocked, id=31064, stack(0x0000009069d00000,0x0000009069e00000)]
  0x0000021b6c39a000 JavaThread "Daemon worker" [_thread_blocked, id=10496, stack(0x0000009069e00000,0x0000009069f00000)]
  0x0000021b6ae75800 JavaThread "Asynchronous log dispatcher for DefaultDaemonConnection: socket connection from /127.0.0.1:62067 to /127.0.0.1:62068" [_thread_blocked, id=3700, stack(0x0000009069f00000,0x000000906a000000)]
  0x0000021b6c38a000 JavaThread "Stdin handler" [_thread_blocked, id=33320, stack(0x000000906a000000,0x000000906a100000)]
  0x0000021b6a47b800 JavaThread "Daemon client event forwarder" [_thread_blocked, id=18024, stack(0x000000906a100000,0x000000906a200000)]
  0x0000021b6a47a000 JavaThread "Cache worker for journal cache (C:\Users\user\.gradle\caches\journal-1)" [_thread_blocked, id=33172, stack(0x000000906a400000,0x000000906a500000)]
  0x0000021b6a476000 JavaThread "File lock request listener" [_thread_in_native, id=33428, stack(0x000000906a500000,0x000000906a600000)]
  0x0000021b6a476800 JavaThread "Cache worker for file hash cache (C:\Users\user\.gradle\caches\7.3.3\fileHashes)" [_thread_blocked, id=34428, stack(0x000000906a600000,0x000000906a700000)]
  0x0000021b6a47c800 JavaThread "Cache worker for file hash cache (C:\Users\user\AndroidStudioProjects\Qiuck_fix_sorter\.gradle\7.3.3\fileHashes)" [_thread_blocked, id=32196, stack(0x000000906a700000,0x000000906a800000)]
  0x0000021b6a479000 JavaThread "File watcher server" daemon [_thread_in_native, id=18600, stack(0x000000906a800000,0x000000906a900000)]
  0x0000021b6a47a800 JavaThread "File watcher consumer" daemon [_thread_blocked, id=32472, stack(0x000000906a900000,0x000000906aa00000)]
  0x0000021b6a477800 JavaThread "Cache worker for checksums cache (C:\Users\user\AndroidStudioProjects\Qiuck_fix_sorter\.gradle\7.3.3\checksums)" [_thread_blocked, id=11120, stack(0x000000906aa00000,0x000000906ab00000)]
  0x0000021b6a478000 JavaThread "Cache worker for cache directory md-supplier (C:\Users\user\.gradle\caches\7.3.3\md-supplier)" [_thread_blocked, id=34580, stack(0x000000906ab00000,0x000000906ac00000)]
  0x0000021b6c3b9800 JavaThread "Cache worker for cache directory md-rule (C:\Users\user\.gradle\caches\7.3.3\md-rule)" [_thread_blocked, id=35712, stack(0x000000906ac00000,0x000000906ad00000)]
  0x0000021b6c3b8800 JavaThread "Cache worker for execution history cache (C:\Users\user\.gradle\caches\7.3.3\executionHistory)" [_thread_blocked, id=17244, stack(0x000000906ad00000,0x000000906ae00000)]
  0x0000021b6c3be800 JavaThread "jar transforms" [_thread_blocked, id=16964, stack(0x000000906ae00000,0x000000906af00000)]
  0x0000021b6c3bf000 JavaThread "Cache worker for file content cache (C:\Users\user\.gradle\caches\7.3.3\fileContent)" [_thread_blocked, id=24636, stack(0x000000906af00000,0x000000906b000000)]
  0x0000021b6c3bc000 JavaThread "jar transforms Thread 2" [_thread_blocked, id=27068, stack(0x000000906b000000,0x000000906b100000)]
  0x0000021b6c3bc800 JavaThread "Cache worker for dependencies-accessors (C:\Users\user\AndroidStudioProjects\Qiuck_fix_sorter\.gradle\7.3.3\dependencies-accessors)" [_thread_blocked, id=11196, stack(0x000000906b100000,0x000000906b200000)]
  0x0000021b6c3ba000 JavaThread "jar transforms Thread 3" [_thread_blocked, id=8300, stack(0x000000906b300000,0x000000906b400000)]
  0x0000021b6c3bb000 JavaThread "Cache worker for Build Output Cleanup Cache (C:\Users\user\AndroidStudioProjects\Qiuck_fix_sorter\.gradle\buildOutputCleanup)" [_thread_blocked, id=10816, stack(0x000000906b400000,0x000000906b500000)]
  0x0000021b6c3c5000 JavaThread "Unconstrained build operations" [_thread_blocked, id=13132, stack(0x000000906b500000,0x000000906b600000)]
  0x0000021b6c3c4000 JavaThread "Unconstrained build operations Thread 2" [_thread_blocked, id=22928, stack(0x000000906b600000,0x000000906b700000)]
  0x0000021b6c3c5800 JavaThread "Unconstrained build operations Thread 3" [_thread_blocked, id=23696, stack(0x000000906b700000,0x000000906b800000)]
  0x0000021b6c3c6800 JavaThread "Unconstrained build operations Thread 4" [_thread_blocked, id=26944, stack(0x000000906b800000,0x000000906b900000)]
  0x0000021b6c3c1800 JavaThread "Unconstrained build operations Thread 5" [_thread_blocked, id=19436, stack(0x000000906b900000,0x000000906ba00000)]
  0x0000021b6c3c0800 JavaThread "Unconstrained build operations Thread 6" [_thread_blocked, id=22016, stack(0x000000906ba00000,0x000000906bb00000)]
  0x0000021b6c3c2800 JavaThread "Unconstrained build operations Thread 7" [_thread_blocked, id=18468, stack(0x000000906bb00000,0x000000906bc00000)]
  0x0000021b6c3c7800 JavaThread "Unconstrained build operations Thread 8" [_thread_blocked, id=12780, stack(0x000000906bc00000,0x000000906bd00000)]
  0x0000021b6c3c3000 JavaThread "Unconstrained build operations Thread 9" [_thread_blocked, id=35796, stack(0x000000906bd00000,0x000000906be00000)]
  0x0000021b70321000 JavaThread "Unconstrained build operations Thread 10" [_thread_blocked, id=3340, stack(0x000000906be00000,0x000000906bf00000)]
  0x0000021b70323000 JavaThread "Unconstrained build operations Thread 11" [_thread_blocked, id=9532, stack(0x000000906bf00000,0x000000906c000000)]
  0x0000021b7031f000 JavaThread "Unconstrained build operations Thread 12" [_thread_blocked, id=22840, stack(0x000000906c000000,0x000000906c100000)]
  0x0000021b7031f800 JavaThread "Unconstrained build operations Thread 13" [_thread_blocked, id=32316, stack(0x000000906c100000,0x000000906c200000)]
  0x0000021b70322000 JavaThread "Unconstrained build operations Thread 14" [_thread_blocked, id=21480, stack(0x000000906c200000,0x000000906c300000)]
  0x0000021b7031e000 JavaThread "Unconstrained build operations Thread 15" [_thread_blocked, id=10860, stack(0x000000906c300000,0x000000906c400000)]
  0x0000021b70320800 JavaThread "Unconstrained build operations Thread 16" [_thread_blocked, id=15116, stack(0x000000906c400000,0x000000906c500000)]
  0x0000021b7031d000 JavaThread "Unconstrained build operations Thread 17" [_thread_blocked, id=31528, stack(0x000000906c500000,0x000000906c600000)]
  0x0000021b70328800 JavaThread "Unconstrained build operations Thread 18" [_thread_blocked, id=6988, stack(0x000000906c600000,0x000000906c700000)]
  0x0000021b70327000 JavaThread "Unconstrained build operations Thread 19" [_thread_blocked, id=2796, stack(0x000000906c700000,0x000000906c800000)]
  0x0000021b70324800 JavaThread "Unconstrained build operations Thread 20" [_thread_blocked, id=11952, stack(0x000000906c800000,0x000000906c900000)]
  0x0000021b70329800 JavaThread "Unconstrained build operations Thread 21" [_thread_blocked, id=11424, stack(0x000000906c900000,0x000000906ca00000)]
  0x0000021b70323800 JavaThread "Unconstrained build operations Thread 22" [_thread_blocked, id=6172, stack(0x000000906ca00000,0x000000906cb00000)]
  0x0000021b7032a000 JavaThread "Unconstrained build operations Thread 23" [_thread_blocked, id=35320, stack(0x000000906cb00000,0x000000906cc00000)]
  0x0000021b7032b000 JavaThread "Unconstrained build operations Thread 24" [_thread_blocked, id=28196, stack(0x000000906cc00000,0x000000906cd00000)]
  0x0000021b70325800 JavaThread "Unconstrained build operations Thread 25" [_thread_blocked, id=7124, stack(0x000000906cd00000,0x000000906ce00000)]
  0x0000021b7032c000 JavaThread "Unconstrained build operations Thread 26" [_thread_blocked, id=23228, stack(0x000000906ce00000,0x000000906cf00000)]
  0x0000021b70326000 JavaThread "Unconstrained build operations Thread 27" [_thread_blocked, id=27272, stack(0x000000906cf00000,0x000000906d000000)]
  0x0000021b70328000 JavaThread "Unconstrained build operations Thread 28" [_thread_blocked, id=18776, stack(0x000000906d000000,0x000000906d100000)]
  0x0000021b6e41d800 JavaThread "Unconstrained build operations Thread 29" [_thread_blocked, id=12296, stack(0x000000906d100000,0x000000906d200000)]
  0x0000021b6e420800 JavaThread "Unconstrained build operations Thread 30" [_thread_blocked, id=18792, stack(0x000000906d200000,0x000000906d300000)]
  0x0000021b6e41f800 JavaThread "Unconstrained build operations Thread 31" [_thread_blocked, id=29024, stack(0x000000906d300000,0x000000906d400000)]
  0x0000021b6e41e000 JavaThread "Unconstrained build operations Thread 32" [_thread_blocked, id=22200, stack(0x000000906d400000,0x000000906d500000)]
  0x0000021b6e41b000 JavaThread "Unconstrained build operations Thread 33" [_thread_blocked, id=32752, stack(0x000000906d500000,0x000000906d600000)]
  0x0000021b6e421800 JavaThread "Unconstrained build operations Thread 34" [_thread_blocked, id=15916, stack(0x000000906d600000,0x000000906d700000)]
  0x0000021b6e41b800 JavaThread "Unconstrained build operations Thread 35" [_thread_blocked, id=31312, stack(0x000000906d700000,0x000000906d800000)]
  0x0000021b6e422000 JavaThread "Unconstrained build operations Thread 36" [_thread_blocked, id=5000, stack(0x000000906d800000,0x000000906d900000)]
  0x0000021b6e41c800 JavaThread "Unconstrained build operations Thread 37" [_thread_blocked, id=33536, stack(0x000000906d900000,0x000000906da00000)]
  0x0000021b6e423000 JavaThread "Unconstrained build operations Thread 38" [_thread_blocked, id=33440, stack(0x000000906da00000,0x000000906db00000)]
  0x0000021b6e424000 JavaThread "Unconstrained build operations Thread 39" [_thread_blocked, id=24164, stack(0x000000906db00000,0x000000906dc00000)]
  0x0000021b6e41f000 JavaThread "Unconstrained build operations Thread 40" [_thread_blocked, id=25252, stack(0x000000906dc00000,0x000000906dd00000)]
  0x0000021b6e424800 JavaThread "jar transforms Thread 4" [_thread_blocked, id=26240, stack(0x000000906b200000,0x000000906b300000)]
  0x0000021b6edc5000 JavaThread "C2 CompilerThread1" daemon [_thread_in_native, id=30288, stack(0x000000906dd00000,0x000000906de00000)]
  0x0000021b6e425800 JavaThread "Memory manager" [_thread_blocked, id=14232, stack(0x000000906de00000,0x000000906df00000)]

Other Threads:
  0x0000021b69703000 VMThread "VM Thread" [stack: 0x0000009068c00000,0x0000009068d00000] [id=14992]
  0x0000021b6a200000 WatcherThread [stack: 0x0000009069600000,0x0000009069700000] [id=6248]
  0x0000021b4dbe0800 GCTaskThread "GC Thread#0" [stack: 0x0000009068700000,0x0000009068800000] [id=31028]
  0x0000021b6a739800 GCTaskThread "GC Thread#1" [stack: 0x0000009069700000,0x0000009069800000] [id=26932]
  0x0000021b6b0c9800 GCTaskThread "GC Thread#2" [stack: 0x000000906a200000,0x000000906a300000] [id=34808]
  0x0000021b6b098800 GCTaskThread "GC Thread#3" [stack: 0x000000906a300000,0x000000906a400000] [id=35544]
  0x0000021b4dc11000 ConcurrentGCThread "G1 Main Marker" [stack: 0x0000009068800000,0x0000009068900000] [id=16704]
  0x0000021b4dc13000 ConcurrentGCThread "G1 Conc#0" [stack: 0x0000009068900000,0x0000009068a00000] [id=24296]
  0x0000021b4dc72000 ConcurrentGCThread "G1 Refine#0" [stack: 0x0000009068a00000,0x0000009068b00000] [id=10340]
  0x0000021b4dc76000 ConcurrentGCThread "G1 Young RemSet Sampling" [stack: 0x0000009068b00000,0x0000009068c00000] [id=31360]

Threads with active compile tasks:
C2 CompilerThread0  17821 6569   !   4       org.codehaus.groovy.reflection.stdclasses.CachedSAMClass::hasUsableImplementation (72 bytes)
C2 CompilerThread1  17821 6622       4       sun.reflect.generics.parser.SignatureParser::parseClassTypeSignature (118 bytes)

VM state:not at safepoint (normal execution)

VM Mutex/Monitor currently owned by a thread: None

Heap address: 0x0000000080000000, size: 2048 MB, Compressed Oops mode: 32-bit
Narrow klass base: 0x0000000000000000, Narrow klass shift: 3
Compressed class space size: 1073741824 Address: 0x0000000100000000

Heap:
 garbage-first heap   total 92160K, used 56824K [0x0000000080000000, 0x0000000100000000)
  region size 1024K, 7 young (7168K), 3 survivors (3072K)
 Metaspace       used 65972K, capacity 67528K, committed 67712K, reserved 1107968K
  class space    used 8404K, capacity 8996K, committed 9088K, reserved 1048576K
Heap Regions: E=young(eden), S=young(survivor), O=old, HS=humongous(starts), HC=humongous(continues), CS=collection set, F=free, A=archive, TAMS=top-at-mark-start (previous, next)
|   0|0x0000000080000000, 0x0000000080100000, 0x0000000080100000|100%| O|  |TAMS 0x0000000080100000, 0x0000000080000000| Updating 
|   1|0x0000000080100000, 0x0000000080200000, 0x0000000080200000|100%| O|  |TAMS 0x0000000080200000, 0x0000000080100000| Updating 
|   2|0x0000000080200000, 0x0000000080300000, 0x0000000080300000|100%| O|  |TAMS 0x0000000080300000, 0x0000000080200000| Updating 
|   3|0x0000000080300000, 0x0000000080400000, 0x0000000080400000|100%|HS|  |TAMS 0x0000000080400000, 0x0000000080300000| Complete 
|   4|0x0000000080400000, 0x0000000080500000, 0x0000000080500000|100%|HC|  |TAMS 0x0000000080500000, 0x0000000080400000| Complete 
|   5|0x0000000080500000, 0x0000000080600000, 0x0000000080600000|100%|HC|  |TAMS 0x0000000080600000, 0x0000000080500000| Complete 
|   6|0x0000000080600000, 0x0000000080700000, 0x0000000080700000|100%| O|  |TAMS 0x0000000080700000, 0x0000000080600000| Updating 
|   7|0x0000000080700000, 0x0000000080800000, 0x0000000080800000|100%| O|  |TAMS 0x0000000080800000, 0x0000000080700000| Updating 
|   8|0x0000000080800000, 0x0000000080900000, 0x0000000080900000|100%| O|  |TAMS 0x0000000080900000, 0x0000000080800000| Updating 
|   9|0x0000000080900000, 0x0000000080a00000, 0x0000000080a00000|100%| O|  |TAMS 0x0000000080a00000, 0x0000000080900000| Updating 
|  10|0x0000000080a00000, 0x0000000080b00000, 0x0000000080b00000|100%| O|  |TAMS 0x0000000080b00000, 0x0000000080a00000| Updating 
|  11|0x0000000080b00000, 0x0000000080c00000, 0x0000000080c00000|100%| O|  |TAMS 0x0000000080c00000, 0x0000000080b00000| Updating 
|  12|0x0000000080c00000, 0x0000000080d00000, 0x0000000080d00000|100%| O|  |TAMS 0x0000000080d00000, 0x0000000080c00000| Updating 
|  13|0x0000000080d00000, 0x0000000080e00000, 0x0000000080e00000|100%| O|  |TAMS 0x0000000080e00000, 0x0000000080d00000| Updating 
|  14|0x0000000080e00000, 0x0000000080f00000, 0x0000000080f00000|100%| O|  |TAMS 0x0000000080f00000, 0x0000000080e00000| Updating 
|  15|0x0000000080f00000, 0x0000000081000000, 0x0000000081000000|100%| O|  |TAMS 0x0000000081000000, 0x0000000080f00000| Updating 
|  16|0x0000000081000000, 0x0000000081100000, 0x0000000081100000|100%| O|  |TAMS 0x0000000081100000, 0x0000000081000000| Updating 
|  17|0x0000000081100000, 0x0000000081200000, 0x0000000081200000|100%| O|  |TAMS 0x0000000081200000, 0x0000000081100000| Updating 
|  18|0x0000000081200000, 0x0000000081300000, 0x0000000081300000|100%| O|  |TAMS 0x0000000081300000, 0x0000000081200000| Updating 
|  19|0x0000000081300000, 0x0000000081400000, 0x0000000081400000|100%| O|  |TAMS 0x0000000081400000, 0x0000000081300000| Updating 
|  20|0x0000000081400000, 0x0000000081500000, 0x0000000081500000|100%| O|  |TAMS 0x0000000081500000, 0x0000000081400000| Updating 
|  21|0x0000000081500000, 0x0000000081600000, 0x0000000081600000|100%| O|  |TAMS 0x0000000081600000, 0x0000000081500000| Updating 
|  22|0x0000000081600000, 0x0000000081700000, 0x0000000081700000|100%| O|  |TAMS 0x0000000081700000, 0x0000000081600000| Updating 
|  23|0x0000000081700000, 0x0000000081800000, 0x0000000081800000|100%| O|  |TAMS 0x0000000081800000, 0x0000000081700000| Updating 
|  24|0x0000000081800000, 0x0000000081900000, 0x0000000081900000|100%| O|  |TAMS 0x0000000081900000, 0x0000000081800000| Updating 
|  25|0x0000000081900000, 0x0000000081a00000, 0x0000000081a00000|100%| O|  |TAMS 0x0000000081a00000, 0x0000000081900000| Updating 
|  26|0x0000000081a00000, 0x0000000081b00000, 0x0000000081b00000|100%| O|  |TAMS 0x0000000081b00000, 0x0000000081a00000| Updating 
|  27|0x0000000081b00000, 0x0000000081c00000, 0x0000000081c00000|100%| O|  |TAMS 0x0000000081c00000, 0x0000000081b00000| Updating 
|  28|0x0000000081c00000, 0x0000000081d00000, 0x0000000081d00000|100%|HS|  |TAMS 0x0000000081d00000, 0x0000000081c00000| Complete 
|  29|0x0000000081d00000, 0x0000000081e00000, 0x0000000081e00000|100%|HS|  |TAMS 0x0000000081e00000, 0x0000000081d00000| Complete 
|  30|0x0000000081e00000, 0x0000000081f00000, 0x0000000081f00000|100%|HS|  |TAMS 0x0000000081f00000, 0x0000000081e00000| Complete 
|  31|0x0000000081f00000, 0x0000000082000000, 0x0000000082000000|100%|HC|  |TAMS 0x0000000082000000, 0x0000000081f00000| Complete 
|  32|0x0000000082000000, 0x0000000082100000, 0x0000000082100000|100%| O|  |TAMS 0x0000000082100000, 0x0000000082000000| Updating 
|  33|0x0000000082100000, 0x0000000082200000, 0x0000000082200000|100%| O|  |TAMS 0x0000000082200000, 0x0000000082100000| Updating 
|  34|0x0000000082200000, 0x0000000082300000, 0x0000000082300000|100%| O|  |TAMS 0x0000000082300000, 0x0000000082200000| Updating 
|  35|0x0000000082300000, 0x0000000082400000, 0x0000000082400000|100%| O|  |TAMS 0x0000000082400000, 0x0000000082300000| Updating 
|  36|0x0000000082400000, 0x0000000082500000, 0x0000000082500000|100%| O|  |TAMS 0x0000000082500000, 0x0000000082400000| Updating 
|  37|0x0000000082500000, 0x0000000082600000, 0x0000000082600000|100%| O|  |TAMS 0x0000000082600000, 0x0000000082500000| Updating 
|  38|0x0000000082600000, 0x0000000082700000, 0x0000000082700000|100%| O|  |TAMS 0x0000000082700000, 0x0000000082600000| Updating 
|  39|0x0000000082700000, 0x0000000082800000, 0x0000000082800000|100%| O|  |TAMS 0x0000000082800000, 0x0000000082700000| Updating 
|  40|0x0000000082800000, 0x0000000082900000, 0x0000000082900000|100%| O|  |TAMS 0x0000000082900000, 0x0000000082800000| Updating 
|  41|0x0000000082900000, 0x0000000082a00000, 0x0000000082a00000|100%| O|  |TAMS 0x0000000082a00000, 0x0000000082900000| Updating 
|  42|0x0000000082a00000, 0x0000000082b00000, 0x0000000082b00000|100%| O|  |TAMS 0x0000000082b00000, 0x0000000082a00000| Updating 
|  43|0x0000000082b00000, 0x0000000082c00000, 0x0000000082c00000|100%| O|  |TAMS 0x0000000082c00000, 0x0000000082b00000| Updating 
|  44|0x0000000082c00000, 0x0000000082d00000, 0x0000000082d00000|100%| O|  |TAMS 0x0000000082d00000, 0x0000000082c00000| Updating 
|  45|0x0000000082d00000, 0x0000000082e00000, 0x0000000082e00000|100%| O|  |TAMS 0x0000000082e00000, 0x0000000082d00000| Updating 
|  46|0x0000000082e00000, 0x0000000082f00000, 0x0000000082f00000|100%| O|  |TAMS 0x0000000082f00000, 0x0000000082e00000| Updating 
|  47|0x0000000082f00000, 0x0000000083000000, 0x0000000083000000|100%| O|  |TAMS 0x0000000083000000, 0x0000000082f00000| Updating 
|  48|0x0000000083000000, 0x000000008307e000, 0x0000000083100000| 49%| O|  |TAMS 0x000000008307e000, 0x0000000083000000| Updating 
|  49|0x0000000083100000, 0x0000000083200000, 0x0000000083200000|100%| O|  |TAMS 0x0000000083200000, 0x0000000083100000| Updating 
|  50|0x0000000083200000, 0x0000000083200000, 0x0000000083300000|  0%| F|  |TAMS 0x0000000083200000, 0x0000000083200000| Untracked 
|  51|0x0000000083300000, 0x0000000083300000, 0x0000000083400000|  0%| F|  |TAMS 0x0000000083300000, 0x0000000083300000| Untracked 
|  52|0x0000000083400000, 0x0000000083400000, 0x0000000083500000|  0%| F|  |TAMS 0x0000000083400000, 0x0000000083400000| Untracked 
|  53|0x0000000083500000, 0x0000000083500000, 0x0000000083600000|  0%| F|  |TAMS 0x0000000083500000, 0x0000000083500000| Untracked 
|  54|0x0000000083600000, 0x0000000083600000, 0x0000000083700000|  0%| F|  |TAMS 0x0000000083600000, 0x0000000083600000| Untracked 
|  55|0x0000000083700000, 0x0000000083700000, 0x0000000083800000|  0%| F|  |TAMS 0x0000000083700000, 0x0000000083700000| Untracked 
|  56|0x0000000083800000, 0x0000000083800000, 0x0000000083900000|  0%| F|  |TAMS 0x0000000083800000, 0x0000000083800000| Untracked 
|  57|0x0000000083900000, 0x0000000083900000, 0x0000000083a00000|  0%| F|  |TAMS 0x0000000083900000, 0x0000000083900000| Untracked 
|  58|0x0000000083a00000, 0x0000000083a00000, 0x0000000083b00000|  0%| F|  |TAMS 0x0000000083a00000, 0x0000000083a00000| Untracked 
|  59|0x0000000083b00000, 0x0000000083b00000, 0x0000000083c00000|  0%| F|  |TAMS 0x0000000083b00000, 0x0000000083b00000| Untracked 
|  60|0x0000000083c00000, 0x0000000083c00000, 0x0000000083d00000|  0%| F|  |TAMS 0x0000000083c00000, 0x0000000083c00000| Untracked 
|  61|0x0000000083d00000, 0x0000000083d00000, 0x0000000083e00000|  0%| F|  |TAMS 0x0000000083d00000, 0x0000000083d00000| Untracked 
|  62|0x0000000083e00000, 0x0000000083e00000, 0x0000000083f00000|  0%| F|  |TAMS 0x0000000083e00000, 0x0000000083e00000| Untracked 
|  63|0x0000000083f00000, 0x0000000083f00000, 0x0000000084000000|  0%| F|  |TAMS 0x0000000083f00000, 0x0000000083f00000| Untracked 
|  64|0x0000000084000000, 0x0000000084100000, 0x0000000084100000|100%| S|CS|TAMS 0x0000000084000000, 0x0000000084000000| Complete 
|  65|0x0000000084100000, 0x0000000084100000, 0x0000000084200000|  0%| F|  |TAMS 0x0000000084100000, 0x0000000084100000| Untracked 
|  66|0x0000000084200000, 0x0000000084200000, 0x0000000084300000|  0%| F|  |TAMS 0x0000000084200000, 0x0000000084200000| Untracked 
|  67|0x0000000084300000, 0x0000000084400000, 0x0000000084400000|100%| S|CS|TAMS 0x0000000084300000, 0x0000000084300000| Complete 
|  68|0x0000000084400000, 0x0000000084500000, 0x0000000084500000|100%| S|CS|TAMS 0x0000000084400000, 0x0000000084400000| Complete 
|  69|0x0000000084500000, 0x0000000084500000, 0x0000000084600000|  0%| F|  |TAMS 0x0000000084500000, 0x0000000084500000| Untracked 
|  70|0x0000000084600000, 0x0000000084600000, 0x0000000084700000|  0%| F|  |TAMS 0x0000000084600000, 0x0000000084600000| Untracked 
|  71|0x0000000084700000, 0x0000000084700000, 0x0000000084800000|  0%| F|  |TAMS 0x0000000084700000, 0x0000000084700000| Untracked 
|  72|0x0000000084800000, 0x0000000084800000, 0x0000000084900000|  0%| F|  |TAMS 0x0000000084800000, 0x0000000084800000| Untracked 
|  73|0x0000000084900000, 0x0000000084900000, 0x0000000084a00000|  0%| F|  |TAMS 0x0000000084900000, 0x0000000084900000| Untracked 
|  74|0x0000000084a00000, 0x0000000084a00000, 0x0000000084b00000|  0%| F|  |TAMS 0x0000000084a00000, 0x0000000084a00000| Untracked 
|  75|0x0000000084b00000, 0x0000000084b00000, 0x0000000084c00000|  0%| F|  |TAMS 0x0000000084b00000, 0x0000000084b00000| Untracked 
|  76|0x0000000084c00000, 0x0000000084c00000, 0x0000000084d00000|  0%| F|  |TAMS 0x0000000084c00000, 0x0000000084c00000| Untracked 
|  77|0x0000000084d00000, 0x0000000084d00000, 0x0000000084e00000|  0%| F|  |TAMS 0x0000000084d00000, 0x0000000084d00000| Untracked 
|  78|0x0000000084e00000, 0x0000000084e00000, 0x0000000084f00000|  0%| F|  |TAMS 0x0000000084e00000, 0x0000000084e00000| Untracked 
|  79|0x0000000084f00000, 0x0000000084f00000, 0x0000000085000000|  0%| F|  |TAMS 0x0000000084f00000, 0x0000000084f00000| Untracked 
|  80|0x0000000085000000, 0x0000000085000000, 0x0000000085100000|  0%| F|  |TAMS 0x0000000085000000, 0x0000000085000000| Untracked 
|  81|0x0000000085100000, 0x0000000085100000, 0x0000000085200000|  0%| F|  |TAMS 0x0000000085100000, 0x0000000085100000| Untracked 
|  82|0x0000000085200000, 0x0000000085200000, 0x0000000085300000|  0%| F|  |TAMS 0x0000000085200000, 0x0000000085200000| Untracked 
|  83|0x0000000085300000, 0x0000000085300000, 0x0000000085400000|  0%| F|  |TAMS 0x0000000085300000, 0x0000000085300000| Untracked 
|  84|0x0000000085400000, 0x0000000085400000, 0x0000000085500000|  0%| F|  |TAMS 0x0000000085400000, 0x0000000085400000| Untracked 
|  85|0x0000000085500000, 0x0000000085500000, 0x0000000085600000|  0%| F|  |TAMS 0x0000000085500000, 0x0000000085500000| Untracked 
|  86|0x0000000085600000, 0x0000000085665f80, 0x0000000085700000| 39%| E|  |TAMS 0x0000000085600000, 0x0000000085600000| Complete 
|  87|0x0000000085700000, 0x0000000085800000, 0x0000000085800000|100%| E|CS|TAMS 0x0000000085700000, 0x0000000085700000| Complete 
|  88|0x0000000085800000, 0x0000000085900000, 0x0000000085900000|100%| E|CS|TAMS 0x0000000085800000, 0x0000000085800000| Complete 
|  89|0x0000000085900000, 0x0000000085a00000, 0x0000000085a00000|100%| E|CS|TAMS 0x0000000085900000, 0x0000000085900000| Complete 

Card table byte_map: [0x0000021b628e0000,0x0000021b62ce0000] _byte_map_base: 0x0000021b624e0000

Marking Bits (Prev, Next): (CMBitMap*) 0x0000021b4dc08310, (CMBitMap*) 0x0000021b4dc082d8
 Prev Bits: [0x0000021b650e0000, 0x0000021b670e0000)
 Next Bits: [0x0000021b630e0000, 0x0000021b650e0000)

Polling page: 0x0000021b4dca0000

Metaspace:

Usage:
  Non-class:     57.22 MB capacity,    56.23 MB ( 98%) used,   850.47 KB (  1%) free+waste,   166.88 KB ( <1%) overhead. 
      Class:      8.79 MB capacity,     8.21 MB ( 93%) used,   510.13 KB (  6%) free+waste,    78.00 KB ( <1%) overhead. 
       Both:     66.01 MB capacity,    64.44 MB ( 98%) used,     1.33 MB (  2%) free+waste,   244.88 KB ( <1%) overhead. 

Virtual space:
  Non-class space:       58.00 MB reserved,      57.25 MB ( 99%) committed 
      Class space:        1.00 GB reserved,       8.88 MB ( <1%) committed 
             Both:        1.06 GB reserved,      66.13 MB (  6%) committed 

Chunk freelists:
   Non-Class:  28.00 KB
       Class:  28.00 KB
        Both:  56.00 KB

MaxMetaspaceSize: 17179869184.00 GB
CompressedClassSpaceSize: 1.00 GB
Initial GC threshold: 20.80 MB
Current GC threshold: 110.21 MB
CDS: off

CodeHeap 'non-profiled nmethods': size=120064Kb used=3760Kb max_used=3760Kb free=116303Kb
 bounds [0x0000021b5a980000, 0x0000021b5ad30000, 0x0000021b61ec0000]
CodeHeap 'profiled nmethods': size=120000Kb used=14258Kb max_used=14258Kb free=105741Kb
 bounds [0x0000021b53450000, 0x0000021b54240000, 0x0000021b5a980000]
CodeHeap 'non-nmethods': size=5696Kb used=2349Kb max_used=2406Kb free=3346Kb
 bounds [0x0000021b52ec0000, 0x0000021b53130000, 0x0000021b53450000]
 total_blobs=7462 nmethods=6607 adapters=767
 compilation: enabled
              stopped_count=0, restarted_count=0
 full_count=0

Compilation events (20 events):
Event: 17.684 Thread 0x0000021b6a0af000 6617       3       java.util.Properties::load0 (249 bytes)
Event: 17.685 Thread 0x0000021b6edc5000 nmethod 6596 0x0000021b5ad29b90 code [0x0000021b5ad29d40, 0x0000021b5ad29fc8]
Event: 17.685 Thread 0x0000021b6a0af000 nmethod 6617 0x0000021b54230110 code [0x0000021b54230360, 0x0000021b54230d68]
Event: 17.685 Thread 0x0000021b6edc5000 6594       4       java.lang.Class::getInterfaces (6 bytes)
Event: 17.694 Thread 0x0000021b6edc5000 nmethod 6594 0x0000021b5ad2a190 code [0x0000021b5ad2a360, 0x0000021b5ad2a9a8]
Event: 17.694 Thread 0x0000021b6edc5000 6618       4       jdk.internal.loader.URLClassPath$JarLoader::findResource (18 bytes)
Event: 17.695 Thread 0x0000021b6edc5000 nmethod 6618 0x0000021b5ad2ac90 code [0x0000021b5ad2ae40, 0x0000021b5ad2aee8]
Event: 17.695 Thread 0x0000021b6edc5000 6612       4       java.util.Hashtable$Enumerator::hasNext (5 bytes)
Event: 17.705 Thread 0x0000021b6edc5000 nmethod 6612 0x0000021b5ad2af90 code [0x0000021b5ad2b120, 0x0000021b5ad2b338]
Event: 17.705 Thread 0x0000021b6edc5000 6598  s    4       java.lang.Throwable::fillInStackTrace (29 bytes)
Event: 17.708 Thread 0x0000021b6edc5000 nmethod 6598 0x0000021b5ad2b410 code [0x0000021b5ad2b5c0, 0x0000021b5ad2b9a8]
Event: 17.708 Thread 0x0000021b6a0af000 6619       3       org.gradle.api.internal.collections.AbstractIterationOrderRetainingElementSource::<init> (27 bytes)
Event: 17.709 Thread 0x0000021b6a0af000 nmethod 6619 0x0000021b54231090 code [0x0000021b542312c0, 0x0000021b54231b98]
Event: 17.709 Thread 0x0000021b6a0af000 6620       3       java.util.concurrent.atomic.AtomicReferenceArray::<init> (13 bytes)
Event: 17.709 Thread 0x0000021b6a0af000 nmethod 6620 0x0000021b54231e90 code [0x0000021b54232040, 0x0000021b54232298]
Event: 17.710 Thread 0x0000021b6a0af000 6621       3       jdk.internal.loader.URLClassPath::findResource (38 bytes)
Event: 17.710 Thread 0x0000021b6a0af000 nmethod 6621 0x0000021b54232390 code [0x0000021b54232560, 0x0000021b54232878]
Event: 17.741 Thread 0x0000021b6edc5000 6622       4       sun.reflect.generics.parser.SignatureParser::parseClassTypeSignature (118 bytes)
Event: 17.741 Thread 0x0000021b6a0af000 6624       1       sun.reflect.generics.tree.ClassSignature::getSuperInterfaces (5 bytes)
Event: 17.741 Thread 0x0000021b6a0af000 nmethod 6624 0x0000021b5ad2ba90 code [0x0000021b5ad2bc40, 0x0000021b5ad2bcf8]

GC Heap History (20 events):
Event: 13.522 GC heap before
{Heap before GC invocations=21 (full 0):
 garbage-first heap   total 76800K, used 61410K [0x0000000080000000, 0x0000000100000000)
  region size 1024K, 29 young (29696K), 3 survivors (3072K)
 Metaspace       used 48806K, capacity 50023K, committed 50304K, reserved 1093632K
  class space    used 6250K, capacity 6730K, committed 6784K, reserved 1048576K
}
Event: 13.536 GC heap after
{Heap after GC invocations=22 (full 0):
 garbage-first heap   total 76800K, used 42611K [0x0000000080000000, 0x0000000100000000)
  region size 1024K, 4 young (4096K), 4 survivors (4096K)
 Metaspace       used 48806K, capacity 50023K, committed 50304K, reserved 1093632K
  class space    used 6250K, capacity 6730K, committed 6784K, reserved 1048576K
}
Event: 14.359 GC heap before
{Heap before GC invocations=22 (full 0):
 garbage-first heap   total 76800K, used 60019K [0x0000000080000000, 0x0000000100000000)
  region size 1024K, 21 young (21504K), 4 survivors (4096K)
 Metaspace       used 51032K, capacity 52251K, committed 52352K, reserved 1095680K
  class space    used 6522K, capacity 6995K, committed 7040K, reserved 1048576K
}
Event: 14.367 GC heap after
{Heap after GC invocations=23 (full 0):
 garbage-first heap   total 76800K, used 43702K [0x0000000080000000, 0x0000000100000000)
  region size 1024K, 1 young (1024K), 1 survivors (1024K)
 Metaspace       used 51032K, capacity 52251K, committed 52352K, reserved 1095680K
  class space    used 6522K, capacity 6995K, committed 7040K, reserved 1048576K
}
Event: 15.223 GC heap before
{Heap before GC invocations=24 (full 0):
 garbage-first heap   total 76800K, used 60086K [0x0000000080000000, 0x0000000100000000)
  region size 1024K, 18 young (18432K), 1 survivors (1024K)
 Metaspace       used 53296K, capacity 54598K, committed 54784K, reserved 1097728K
  class space    used 6818K, capacity 7328K, committed 7424K, reserved 1048576K
}
Event: 15.228 GC heap after
{Heap after GC invocations=25 (full 0):
 garbage-first heap   total 92160K, used 44131K [0x0000000080000000, 0x0000000100000000)
  region size 1024K, 2 young (2048K), 2 survivors (2048K)
 Metaspace       used 53296K, capacity 54598K, committed 54784K, reserved 1097728K
  class space    used 6818K, capacity 7328K, committed 7424K, reserved 1048576K
}
Event: 15.735 GC heap before
{Heap before GC invocations=25 (full 0):
 garbage-first heap   total 92160K, used 67683K [0x0000000080000000, 0x0000000100000000)
  region size 1024K, 25 young (25600K), 2 survivors (2048K)
 Metaspace       used 57063K, capacity 58410K, committed 58496K, reserved 1099776K
  class space    used 7268K, capacity 7784K, committed 7808K, reserved 1048576K
}
Event: 15.739 GC heap after
{Heap after GC invocations=26 (full 0):
 garbage-first heap   total 92160K, used 44927K [0x0000000080000000, 0x0000000100000000)
  region size 1024K, 3 young (3072K), 3 survivors (3072K)
 Metaspace       used 57063K, capacity 58410K, committed 58496K, reserved 1099776K
  class space    used 7268K, capacity 7784K, committed 7808K, reserved 1048576K
}
Event: 16.352 GC heap before
{Heap before GC invocations=27 (full 0):
 garbage-first heap   total 92160K, used 67455K [0x0000000080000000, 0x0000000100000000)
  region size 1024K, 26 young (26624K), 3 survivors (3072K)
 Metaspace       used 60733K, capacity 62154K, committed 62336K, reserved 1103872K
  class space    used 7725K, capacity 8286K, committed 8320K, reserved 1048576K
}
Event: 16.358 GC heap after
{Heap after GC invocations=28 (full 0):
 garbage-first heap   total 92160K, used 46893K [0x0000000080000000, 0x0000000100000000)
  region size 1024K, 4 young (4096K), 4 survivors (4096K)
 Metaspace       used 60733K, capacity 62154K, committed 62336K, reserved 1103872K
  class space    used 7725K, capacity 8286K, committed 8320K, reserved 1048576K
}
Event: 16.723 GC heap before
{Heap before GC invocations=28 (full 0):
 garbage-first heap   total 92160K, used 69421K [0x0000000080000000, 0x0000000100000000)
  region size 1024K, 27 young (27648K), 4 survivors (4096K)
 Metaspace       used 62563K, capacity 64068K, committed 64384K, reserved 1105920K
  class space    used 7943K, capacity 8514K, committed 8576K, reserved 1048576K
}
Event: 16.733 GC heap after
{Heap after GC invocations=29 (full 0):
 garbage-first heap   total 92160K, used 48945K [0x0000000080000000, 0x0000000100000000)
  region size 1024K, 4 young (4096K), 4 survivors (4096K)
 Metaspace       used 62563K, capacity 64068K, committed 64384K, reserved 1105920K
  class space    used 7943K, capacity 8514K, committed 8576K, reserved 1048576K
}
Event: 17.089 GC heap before
{Heap before GC invocations=30 (full 0):
 garbage-first heap   total 92160K, used 72497K [0x0000000080000000, 0x0000000100000000)
  region size 1024K, 27 young (27648K), 4 survivors (4096K)
 Metaspace       used 64309K, capacity 65810K, committed 65920K, reserved 1105920K
  class space    used 8192K, capacity 8752K, committed 8832K, reserved 1048576K
}
Event: 17.098 GC heap after
{Heap after GC invocations=31 (full 0):
 garbage-first heap   total 92160K, used 50409K [0x0000000080000000, 0x0000000100000000)
  region size 1024K, 2 young (2048K), 2 survivors (2048K)
 Metaspace       used 64309K, capacity 65810K, committed 65920K, reserved 1105920K
  class space    used 8192K, capacity 8752K, committed 8832K, reserved 1048576K
}
Event: 17.190 GC heap before
{Heap before GC invocations=31 (full 0):
 garbage-first heap   total 92160K, used 52457K [0x0000000080000000, 0x0000000100000000)
  region size 1024K, 5 young (5120K), 2 survivors (2048K)
 Metaspace       used 64556K, capacity 66019K, committed 66176K, reserved 1105920K
  class space    used 8206K, capacity 8755K, committed 8832K, reserved 1048576K
}
Event: 17.193 GC heap after
{Heap after GC invocations=32 (full 0):
 garbage-first heap   total 92160K, used 50696K [0x0000000080000000, 0x0000000100000000)
  region size 1024K, 2 young (2048K), 2 survivors (2048K)
 Metaspace       used 64556K, capacity 66019K, committed 66176K, reserved 1105920K
  class space    used 8206K, capacity 8755K, committed 8832K, reserved 1048576K
}
Event: 17.509 GC heap before
{Heap before GC invocations=33 (full 0):
 garbage-first heap   total 92160K, used 73224K [0x0000000080000000, 0x0000000100000000)
  region size 1024K, 23 young (23552K), 2 survivors (2048K)
 Metaspace       used 65362K, capacity 66935K, committed 67072K, reserved 1107968K
  class space    used 8336K, capacity 8926K, committed 8960K, reserved 1048576K
}
Event: 17.514 GC heap after
{Heap after GC invocations=34 (full 0):
 garbage-first heap   total 92160K, used 51976K [0x0000000080000000, 0x0000000100000000)
  region size 1024K, 2 young (2048K), 2 survivors (2048K)
 Metaspace       used 65362K, capacity 66935K, committed 67072K, reserved 1107968K
  class space    used 8336K, capacity 8926K, committed 8960K, reserved 1048576K
}
Event: 17.699 GC heap before
{Heap before GC invocations=34 (full 0):
 garbage-first heap   total 92160K, used 73480K [0x0000000080000000, 0x0000000100000000)
  region size 1024K, 23 young (23552K), 2 survivors (2048K)
 Metaspace       used 65512K, capacity 67109K, committed 67456K, reserved 1107968K
  class space    used 8353K, capacity 8963K, committed 9088K, reserved 1048576K
}
Event: 17.705 GC heap after
{Heap after GC invocations=35 (full 0):
 garbage-first heap   total 92160K, used 53752K [0x0000000080000000, 0x0000000100000000)
  region size 1024K, 3 young (3072K), 3 survivors (3072K)
 Metaspace       used 65512K, capacity 67109K, committed 67456K, reserved 1107968K
  class space    used 8353K, capacity 8963K, committed 9088K, reserved 1048576K
}

Deoptimization events (20 events):
Event: 17.327 Thread 0x0000021b6c39a000 Uncommon trap: trap_request=0xffffff4d fr.pc=0x0000021b5a9d2f94 relative=0x0000000000000454
Event: 17.327 Thread 0x0000021b6c39a000 Uncommon trap: reason=unstable_if action=reinterpret pc=0x0000021b5a9d2f94 method=java.lang.AbstractStringBuilder.putStringAt(ILjava/lang/String;)V @ 8 c2
Event: 17.327 Thread 0x0000021b6c39a000 DEOPT PACKING pc=0x0000021b5a9d2f94 sp=0x0000009069ef6f50
Event: 17.327 Thread 0x0000021b6c39a000 DEOPT UNPACKING pc=0x0000021b52f0a1af sp=0x0000009069ef6eb0 mode 2
Event: 17.327 Thread 0x0000021b6c39a000 Uncommon trap: trap_request=0xffffff4d fr.pc=0x0000021b5a9b3dec relative=0x00000000000000cc
Event: 17.327 Thread 0x0000021b6c39a000 Uncommon trap: reason=unstable_if action=reinterpret pc=0x0000021b5a9b3dec method=java.lang.String.getBytes([BIB)V @ 5 c2
Event: 17.327 Thread 0x0000021b6c39a000 DEOPT PACKING pc=0x0000021b5a9b3dec sp=0x0000009069ef6e60
Event: 17.327 Thread 0x0000021b6c39a000 DEOPT UNPACKING pc=0x0000021b52f0a1af sp=0x0000009069ef6e28 mode 2
Event: 17.446 Thread 0x0000021b6c39a000 Uncommon trap: trap_request=0xffffff4d fr.pc=0x0000021b5ab0d800 relative=0x0000000000000340
Event: 17.446 Thread 0x0000021b6c39a000 Uncommon trap: reason=unstable_if action=reinterpret pc=0x0000021b5ab0d800 method=java.util.StringJoiner.add(Ljava/lang/CharSequence;)Ljava/util/StringJoiner; @ 33 c2
Event: 17.446 Thread 0x0000021b6c39a000 DEOPT PACKING pc=0x0000021b5ab0d800 sp=0x0000009069ef5e80
Event: 17.446 Thread 0x0000021b6c39a000 DEOPT UNPACKING pc=0x0000021b52f0a1af sp=0x0000009069ef5e30 mode 2
Event: 17.605 Thread 0x0000021b6c39a000 Uncommon trap: trap_request=0xffffff4d fr.pc=0x0000021b5ab30ba4 relative=0x0000000000005da4
Event: 17.605 Thread 0x0000021b6c39a000 Uncommon trap: reason=unstable_if action=reinterpret pc=0x0000021b5ab30ba4 method=org.codehaus.groovy.runtime.metaclass.MetaMethodIndex.isOverridden(Lgroovy/lang/MetaMethod;Lgroovy/lang/MetaMethod;)Z @ 33 c2
Event: 17.605 Thread 0x0000021b6c39a000 DEOPT PACKING pc=0x0000021b5ab30ba4 sp=0x0000009069ef4c90
Event: 17.605 Thread 0x0000021b6c39a000 DEOPT UNPACKING pc=0x0000021b52f0a1af sp=0x0000009069ef4ca8 mode 2
Event: 17.609 Thread 0x0000021b6c39a000 Uncommon trap: trap_request=0xfffffff4 fr.pc=0x0000021b5ad20f14 relative=0x0000000000000974
Event: 17.609 Thread 0x0000021b6c39a000 Uncommon trap: reason=null_check action=make_not_entrant pc=0x0000021b5ad20f14 method=com.sun.beans.introspect.MethodInfo$MethodOrder.compare(Ljava/lang/reflect/Method;Ljava/lang/reflect/Method;)I @ 133 c2
Event: 17.609 Thread 0x0000021b6c39a000 DEOPT PACKING pc=0x0000021b5ad20f14 sp=0x0000009069ef2ad0
Event: 17.609 Thread 0x0000021b6c39a000 DEOPT UNPACKING pc=0x0000021b52f0a1af sp=0x0000009069ef2a70 mode 2

Classes redefined (0 events):
No events

Internal exceptions (20 events):
Event: 17.609 Thread 0x0000021b6c39a000 Implicit null exception at 0x0000021b5ad208bc to 0x0000021b5ad20f00
Event: 17.611 Thread 0x0000021b6c39a000 Exception <a 'java/lang/ClassNotFoundException'{0x0000000084b560e0}: com/android/build/gradle/internal/dsl/BuildTypeCustomizer> (0x0000000084b560e0) thrown at [./src/hotspot/share/classfile/systemDictionary.cpp, line 231]
Event: 17.614 Thread 0x0000021b6c39a000 Exception <a 'java/lang/ClassNotFoundException'{0x0000000084bed068}: com/android/build/gradle/internal/dsl/BuildType$AgpDecoratedCustomizer> (0x0000000084bed068) thrown at [./src/hotspot/share/classfile/systemDictionary.cpp, line 231]
Event: 17.615 Thread 0x0000021b6c39a000 Exception <a 'java/lang/ClassNotFoundException'{0x0000000084a3e748}: com/android/build/gradle/internal/dsl/BuildType$AgpDecorated_DecoratedCustomizer> (0x0000000084a3e748) thrown at [./src/hotspot/share/classfile/systemDictionary.cpp, line 231]
Event: 17.625 Thread 0x0000021b6c39a000 Exception <a 'java/lang/ClassNotFoundException'{0x000000008490dd48}: build_4vsuzignmt8xb3gdmswjidue4$_run_closure1$_closure4BeanInfo> (0x000000008490dd48) thrown at [./src/hotspot/share/classfile/systemDictionary.cpp, line 231]
Event: 17.625 Thread 0x0000021b6c39a000 Exception <a 'java/lang/ClassNotFoundException'{0x000000008491f170}: build_4vsuzignmt8xb3gdmswjidue4$_run_closure1$_closure4Customizer> (0x000000008491f170) thrown at [./src/hotspot/share/classfile/systemDictionary.cpp, line 231]
Event: 17.627 Thread 0x0000021b6c39a000 Exception <a 'java/lang/ClassNotFoundException'{0x0000000084948ac0}: build_4vsuzignmt8xb3gdmswjidue4$_run_closure1BeanInfo> (0x0000000084948ac0) thrown at [./src/hotspot/share/classfile/systemDictionary.cpp, line 231]
Event: 17.628 Thread 0x0000021b6c39a000 Exception <a 'java/lang/ClassNotFoundException'{0x0000000084959480}: build_4vsuzignmt8xb3gdmswjidue4$_run_closure1Customizer> (0x0000000084959480) thrown at [./src/hotspot/share/classfile/systemDictionary.cpp, line 231]
Event: 17.633 Thread 0x0000021b6c39a000 Exception <a 'java/lang/ClassNotFoundException'{0x00000000849b8698}: org/gradle/api/JavaVersionBeanInfo> (0x00000000849b8698) thrown at [./src/hotspot/share/classfile/systemDictionary.cpp, line 231]
Event: 17.634 Thread 0x0000021b6c39a000 Exception <a 'java/lang/ClassNotFoundException'{0x00000000849e36c0}: org/gradle/api/JavaVersionCustomizer> (0x00000000849e36c0) thrown at [./src/hotspot/share/classfile/systemDictionary.cpp, line 231]
Event: 17.639 Thread 0x0000021b6c39a000 Exception <a 'java/lang/ClassNotFoundException'{0x000000008484b430}: com/android/build/gradle/internal/CompileOptions$AgpDecorated_DecoratedBeanInfo> (0x000000008484b430) thrown at [./src/hotspot/share/classfile/systemDictionary.cpp, line 231]
Event: 17.643 Thread 0x0000021b6c39a000 Exception <a 'java/lang/ClassNotFoundException'{0x0000000084866e30}: com/android/build/gradle/internal/CompileOptions$AgpDecoratedBeanInfo> (0x0000000084866e30) thrown at [./src/hotspot/share/classfile/systemDictionary.cpp, line 231]
Event: 17.644 Thread 0x0000021b6c39a000 Exception <a 'java/lang/ClassNotFoundException'{0x0000000084880ce8}: com/android/build/gradle/internal/CompileOptionsBeanInfo> (0x0000000084880ce8) thrown at [./src/hotspot/share/classfile/systemDictionary.cpp, line 231]
Event: 17.645 Thread 0x0000021b6c39a000 Exception <a 'java/lang/ClassNotFoundException'{0x000000008489ae88}: com/android/build/gradle/internal/CompileOptionsCustomizer> (0x000000008489ae88) thrown at [./src/hotspot/share/classfile/systemDictionary.cpp, line 231]
Event: 17.646 Thread 0x0000021b6c39a000 Exception <a 'java/lang/ClassNotFoundException'{0x00000000848c2540}: com/android/build/gradle/internal/CompileOptions$AgpDecoratedCustomizer> (0x00000000848c2540) thrown at [./src/hotspot/share/classfile/systemDictionary.cpp, line 231]
Event: 17.648 Thread 0x0000021b6c39a000 Exception <a 'java/lang/ClassNotFoundException'{0x00000000848ed4a8}: com/android/build/gradle/internal/CompileOptions$AgpDecorated_DecoratedCustomizer> (0x00000000848ed4a8) thrown at [./src/hotspot/share/classfile/systemDictionary.cpp, line 231]
Event: 17.666 Thread 0x0000021b6c39a000 Exception <a 'java/lang/ClassNotFoundException'{0x00000000847ad508}: org/gradle/api/internal/artifacts/dsl/dependencies/DefaultDependencyHandler_DecoratedBeanInfo> (0x00000000847ad508) thrown at [./src/hotspot/share/classfile/systemDictionary.cpp, line 231]
Event: 17.668 Thread 0x0000021b6c39a000 Exception <a 'java/lang/ClassNotFoundException'{0x00000000847f6820}: org/gradle/api/internal/artifacts/dsl/dependencies/DefaultDependencyHandlerBeanInfo> (0x00000000847f6820) thrown at [./src/hotspot/share/classfile/systemDictionary.cpp, line 231]
Event: 17.669 Thread 0x0000021b6c39a000 Exception <a 'java/lang/ClassNotFoundException'{0x000000008463f788}: org/gradle/api/internal/artifacts/dsl/dependencies/DefaultDependencyHandlerCustomizer> (0x000000008463f788) thrown at [./src/hotspot/share/classfile/systemDictionary.cpp, line 231]
Event: 17.671 Thread 0x0000021b6c39a000 Exception <a 'java/lang/ClassNotFoundException'{0x00000000846af7a0}: org/gradle/api/internal/artifacts/dsl/dependencies/DefaultDependencyHandler_DecoratedCustomizer> (0x00000000846af7a0) thrown at [./src/hotspot/share/classfile/systemDictionary.cpp, line 231]

Events (20 events):
Event: 17.740 loading class com/android/build/gradle/internal/core/VariantDslInfoImpl$initApplicationId$appIdFromFlavors$1
Event: 17.740 loading class com/android/build/gradle/internal/core/VariantDslInfoImpl$initApplicationId$appIdFromFlavors$1 done
Event: 17.740 loading class kotlin/sequences/Sequence
Event: 17.740 loading class kotlin/sequences/Sequence done
Event: 17.740 loading class kotlin/sequences/FilteringSequence$iterator$1
Event: 17.740 loading class kotlin/sequences/FilteringSequence$iterator$1 done
Event: 17.741 loading class com/android/build/gradle/internal/core/VariantDslInfoImpl$initApplicationId$4
Event: 17.741 loading class com/android/build/gradle/internal/core/VariantDslInfoImpl$initApplicationId$4 done
Event: 17.742 loading class org/gradle/api/provider/HasConfigurableValue
Event: 17.742 loading class org/gradle/api/provider/HasConfigurableValue done
Event: 17.743 loading class com/android/build/gradle/internal/core/MergedFlavor
Event: 17.743 loading class com/android/build/gradle/internal/core/MergedFlavor done
Event: 17.749 loading class com/android/build/gradle/internal/core/InternalBaseVariant$MergedFlavor
Event: 17.749 loading class com/android/build/gradle/internal/core/InternalBaseVariant$MergedFlavor done
Event: 17.756 loading class com/android/build/gradle/internal/core/MergedFlavor$Companion
Event: 17.756 loading class com/android/build/gradle/internal/core/MergedFlavor$Companion done
Event: 17.764 loading class kotlin/jvm/internal/TypeIntrinsics
Event: 17.764 loading class kotlin/jvm/internal/TypeIntrinsics done
Event: 17.765 loading class kotlin/jvm/internal/TypeIntrinsics
Event: 17.765 loading class kotlin/jvm/internal/TypeIntrinsics done


Dynamic libraries:
0x00007ff7c2b10000 - 0x00007ff7c2b1a000 	C:\Program Files\Android\Android Studio\jre\bin\java.exe
0x00007ffb91a50000 - 0x00007ffb91c64000 	C:\WINDOWS\SYSTEM32\ntdll.dll
0x00007ffb8fec0000 - 0x00007ffb8ff83000 	C:\WINDOWS\System32\KERNEL32.DLL
0x00007ffb8f1c0000 - 0x00007ffb8f55d000 	C:\WINDOWS\System32\KERNELBASE.dll
0x00007ffb8f560000 - 0x00007ffb8f671000 	C:\WINDOWS\System32\ucrtbase.dll
0x00007ffb3bbc0000 - 0x00007ffb3bbd9000 	C:\Program Files\Android\Android Studio\jre\bin\jli.dll
0x00007ffb3b880000 - 0x00007ffb3b897000 	C:\Program Files\Android\Android Studio\jre\bin\VCRUNTIME140.dll
0x00007ffb91080000 - 0x00007ffb9122d000 	C:\WINDOWS\System32\USER32.dll
0x00007ffb8f020000 - 0x00007ffb8f046000 	C:\WINDOWS\System32\win32u.dll
0x00007ffb8fba0000 - 0x00007ffb8fbc9000 	C:\WINDOWS\System32\GDI32.dll
0x00007ffb8f680000 - 0x00007ffb8f792000 	C:\WINDOWS\System32\gdi32full.dll
0x00007ffb76340000 - 0x00007ffb765ce000 	C:\WINDOWS\WinSxS\amd64_microsoft.windows.common-controls_6595b64144ccf1df_6.0.22621.608_none_a9444ca7c10bb01d\COMCTL32.dll
0x00007ffb8f7a0000 - 0x00007ffb8f83a000 	C:\WINDOWS\System32\msvcp_win.dll
0x00007ffb8fbd0000 - 0x00007ffb8fc77000 	C:\WINDOWS\System32\msvcrt.dll
0x00007ffb8faa0000 - 0x00007ffb8fad2000 	C:\WINDOWS\System32\IMM32.DLL
0x00007ffb262c0000 - 0x00007ffb2635d000 	C:\Program Files\Android\Android Studio\jre\bin\msvcp140.dll
0x00007ffb13da0000 - 0x00007ffb14885000 	C:\Program Files\Android\Android Studio\jre\bin\server\jvm.dll
0x00007ffb91230000 - 0x00007ffb912de000 	C:\WINDOWS\System32\ADVAPI32.dll
0x00007ffb90d80000 - 0x00007ffb90e24000 	C:\WINDOWS\System32\sechost.dll
0x00007ffb8fca0000 - 0x00007ffb8fdb5000 	C:\WINDOWS\System32\RPCRT4.dll
0x00007ffb90d70000 - 0x00007ffb90d78000 	C:\WINDOWS\System32\PSAPI.DLL
0x00007ffb76870000 - 0x00007ffb76879000 	C:\WINDOWS\SYSTEM32\WSOCK32.dll
0x00007ffb820b0000 - 0x00007ffb820e4000 	C:\WINDOWS\SYSTEM32\WINMM.dll
0x00007ffb90e30000 - 0x00007ffb90ea1000 	C:\WINDOWS\System32\WS2_32.dll
0x00007ffb83320000 - 0x00007ffb8332a000 	C:\WINDOWS\SYSTEM32\VERSION.dll
0x00007ffb8ded0000 - 0x00007ffb8dee8000 	C:\WINDOWS\SYSTEM32\kernel.appcore.dll
0x00007ffb55dc0000 - 0x00007ffb55dd1000 	C:\Program Files\Android\Android Studio\jre\bin\verify.dll
0x00007ffb89390000 - 0x00007ffb895be000 	C:\WINDOWS\SYSTEM32\DBGHELP.DLL
0x00007ffb914b0000 - 0x00007ffb9183a000 	C:\WINDOWS\System32\combase.dll
0x00007ffb8f960000 - 0x00007ffb8fa37000 	C:\WINDOWS\System32\OLEAUT32.dll
0x00007ffb83f70000 - 0x00007ffb83fa2000 	C:\WINDOWS\SYSTEM32\dbgcore.DLL
0x00007ffb8eee0000 - 0x00007ffb8ef5b000 	C:\WINDOWS\System32\bcryptPrimitives.dll
0x00007ffb4e8e0000 - 0x00007ffb4e909000 	C:\Program Files\Android\Android Studio\jre\bin\java.dll
0x00007ffb67240000 - 0x00007ffb6724b000 	C:\Program Files\Android\Android Studio\jre\bin\jimage.dll
0x00007ffb4eb30000 - 0x00007ffb4eb48000 	C:\Program Files\Android\Android Studio\jre\bin\zip.dll
0x00007ffb90580000 - 0x00007ffb90d6f000 	C:\WINDOWS\System32\SHELL32.dll
0x00007ffb8cea0000 - 0x00007ffb8d768000 	C:\WINDOWS\SYSTEM32\windows.storage.dll
0x00007ffb8cd60000 - 0x00007ffb8ce9e000 	C:\WINDOWS\SYSTEM32\wintypes.dll
0x00007ffb8ff90000 - 0x00007ffb90081000 	C:\WINDOWS\System32\SHCORE.dll
0x00007ffb900a0000 - 0x00007ffb900fe000 	C:\WINDOWS\System32\shlwapi.dll
0x00007ffb8eda0000 - 0x00007ffb8edc1000 	C:\WINDOWS\SYSTEM32\profapi.dll
0x00007ffb4e710000 - 0x00007ffb4e72a000 	C:\Program Files\Android\Android Studio\jre\bin\net.dll
0x00007ffb831f0000 - 0x00007ffb8331f000 	C:\WINDOWS\SYSTEM32\WINHTTP.dll
0x00007ffb8e330000 - 0x00007ffb8e399000 	C:\WINDOWS\system32\mswsock.dll
0x00007ffb4d1e0000 - 0x00007ffb4d1f4000 	C:\Program Files\Android\Android Studio\jre\bin\nio.dll
0x00007ffb34330000 - 0x00007ffb34357000 	C:\Users\user\.gradle\native\e1d6ef7f7dcc3fd88c89a11ec53ec762bb8ba0a96d01ffa2cd45eb1d1d8dd5c5\windows-amd64\native-platform.dll
0x00007ffb25440000 - 0x00007ffb25584000 	C:\Users\user\.gradle\native\5664cfc778a61ccfe75a443a1ab52a65af34e5dc3c78e0209fed803814484fcb\windows-amd64\native-platform-file-events.dll
0x00007ffb5e710000 - 0x00007ffb5e71a000 	C:\Program Files\Android\Android Studio\jre\bin\management.dll
0x00007ffb5c650000 - 0x00007ffb5c65d000 	C:\Program Files\Android\Android Studio\jre\bin\management_ext.dll
0x00007ffb8e580000 - 0x00007ffb8e59b000 	C:\WINDOWS\SYSTEM32\CRYPTSP.dll
0x00007ffb8de40000 - 0x00007ffb8de75000 	C:\WINDOWS\system32\rsaenh.dll
0x00007ffb8e420000 - 0x00007ffb8e448000 	C:\WINDOWS\SYSTEM32\USERENV.dll
0x00007ffb8e740000 - 0x00007ffb8e768000 	C:\WINDOWS\SYSTEM32\bcrypt.dll
0x00007ffb8e5a0000 - 0x00007ffb8e5ac000 	C:\WINDOWS\SYSTEM32\CRYPTBASE.dll
0x00007ffb8d9c0000 - 0x00007ffb8d9ed000 	C:\WINDOWS\SYSTEM32\IPHLPAPI.DLL
0x00007ffb91070000 - 0x00007ffb91079000 	C:\WINDOWS\System32\NSI.dll
0x00007ffb80630000 - 0x00007ffb80649000 	C:\WINDOWS\SYSTEM32\dhcpcsvc6.DLL
0x00007ffb80610000 - 0x00007ffb8062f000 	C:\WINDOWS\SYSTEM32\dhcpcsvc.DLL
0x00007ffb8d9f0000 - 0x00007ffb8dae2000 	C:\WINDOWS\SYSTEM32\DNSAPI.dll

dbghelp: loaded successfully - version: 4.0.5 - missing functions: none
symbol engine: initialized successfully - sym options: 0x614 - pdb path: .;C:\Program Files\Android\Android Studio\jre\bin;C:\WINDOWS\SYSTEM32;C:\WINDOWS\WinSxS\amd64_microsoft.windows.common-controls_6595b64144ccf1df_6.0.22621.608_none_a9444ca7c10bb01d;C:\Program Files\Android\Android Studio\jre\bin\server;C:\Users\user\.gradle\native\e1d6ef7f7dcc3fd88c89a11ec53ec762bb8ba0a96d01ffa2cd45eb1d1d8dd5c5\windows-amd64;C:\Users\user\.gradle\native\5664cfc778a61ccfe75a443a1ab52a65af34e5dc3c78e0209fed803814484fcb\windows-amd64

VM Arguments:
jvm_args: --add-opens=java.base/java.util=ALL-UNNAMED --add-opens=java.base/java.lang=ALL-UNNAMED --add-opens=java.base/java.lang.invoke=ALL-UNNAMED --add-opens=java.base/java.util=ALL-UNNAMED --add-opens=java.prefs/java.util.prefs=ALL-UNNAMED --add-opens=java.prefs/java.util.prefs=ALL-UNNAMED --add-opens=java.base/java.nio.charset=ALL-UNNAMED --add-opens=java.base/java.net=ALL-UNNAMED --add-opens=java.base/java.util.concurrent.atomic=ALL-UNNAMED -Xmx2048m -Dfile.encoding=UTF-8 -Duser.country=IN -Duser.language=en -Duser.variant 
java_command: org.gradle.launcher.daemon.bootstrap.GradleDaemon 7.3.3
java_class_path (initial): C:\Users\user\.gradle\wrapper\dists\gradle-7.3.3-bin\6a41zxkdtcxs8rphpq6y0069z\gradle-7.3.3\lib\gradle-launcher-7.3.3.jar
Launcher Type: SUN_STANDARD

[Global flags]
     intx CICompilerCount                          = 3                                         {product} {ergonomic}
     uint ConcGCThreads                            = 1                                         {product} {ergonomic}
     uint G1ConcRefinementThreads                  = 4                                         {product} {ergonomic}
   size_t G1HeapRegionSize                         = 1048576                                   {product} {ergonomic}
    uintx GCDrainStackTargetSize                   = 64                                        {product} {ergonomic}
   size_t InitialHeapSize                          = 65011712                                  {product} {ergonomic}
   size_t MarkStackSize                            = 4194304                                   {product} {ergonomic}
   size_t MaxHeapSize                              = 2147483648                                {product} {command line}
   size_t MaxNewSize                               = 1287651328                                {product} {ergonomic}
   size_t MinHeapDeltaBytes                        = 1048576                                   {product} {ergonomic}
    uintx NonNMethodCodeHeapSize                   = 5830732                                {pd product} {ergonomic}
    uintx NonProfiledCodeHeapSize                  = 122913754                              {pd product} {ergonomic}
    uintx ProfiledCodeHeapSize                     = 122913754                              {pd product} {ergonomic}
    uintx ReservedCodeCacheSize                    = 251658240                              {pd product} {ergonomic}
     bool SegmentedCodeCache                       = true                                      {product} {ergonomic}
     bool UseCompressedClassPointers               = true                                 {lp64_product} {ergonomic}
     bool UseCompressedOops                        = true                                 {lp64_product} {ergonomic}
     bool UseG1GC                                  = true                                      {product} {ergonomic}
     bool UseLargePagesIndividualAllocation        = false                                  {pd product} {ergonomic}

Logging:
Log output configuration:
 #0: stdout all=warning uptime,level,tags
 #1: stderr all=off uptime,level,tags

Environment Variables:
PATH=C:\Python36\Scripts\;C:\Python36\;C:\WINDOWS\system32;C:\WINDOWS;C:\WINDOWS\System32\Wbem;C:\WINDOWS\System32\WindowsPowerShell\v1.0\;C:\WINDOWS\System32\OpenSSH\;C:\Python36\Scripts\;C:\Python36\;C:\Users\user\AppData\Local\Microsoft\WindowsApps;;C:\Users\user\AppData\Local\Programs\Microsoft VS Code\bin
USERNAME=user
OS=Windows_NT
PROCESSOR_IDENTIFIER=Intel64 Family 6 Model 142 Stepping 12, GenuineIntel



---------------  S Y S T E M  ---------------

OS: Windows 10 , 64 bit Build 22621 (10.0.22621.963)
OS uptime: 14 days 17:42 hours

CPU:total 4 (initial active 4) (2 cores per cpu, 2 threads per core) family 6 model 142 stepping 12 microcode 0xde, cmov, cx8, fxsr, mmx, sse, sse2, sse3, ssse3, sse4.1, sse4.2, popcnt, avx, avx2, aes, clmul, erms, 3dnowpref, lzcnt, ht, tsc, tscinvbit, bmi1, bmi2, adx, fma

Memory: 4k page, system-wide physical 3930M (363M free)
TotalPageFile size 16218M (AvailPageFile size 4M)
current process WorkingSet (physical memory assigned to process): 271M, peak: 271M
current process commit charge ("private bytes"): 320M, peak: 320M

vm_info: OpenJDK 64-Bit Server VM (11.0.12+7-b1504.28-7817840) for windows-amd64 JRE (11.0.12+7-b1504.28-7817840), built on Oct 13 2021 22:12:33 by "builder" with MS VC++ 14.0 (VS2015)

END.
