#
# There is insufficient memory for the Java Runtime Environment to continue.
# Native memory allocation (malloc) failed to allocate 32744 bytes for ChunkPool::allocate
# Possible reasons:
#   The system is out of physical RAM or swap space
#   The process is running with CompressedOops enabled, and the Java Heap may be blocking the growth of the native heap
# Possible solutions:
#   Reduce memory load on the system
#   Increase physical memory or swap space
#   Check if swap backing store is full
#   Decrease Java heap size (-Xmx/-Xms)
#   Decrease number of Java threads
#   Decrease Java thread stack sizes (-Xss)
#   Set larger code cache with -XX:ReservedCodeCacheSize=
#   JVM is running with Unscaled Compressed Oops mode in which the Java heap is
#     placed in the first 4GB address space. The Java Heap base address is the
#     maximum limit for the native heap growth. Please use -XX:HeapBaseMinAddress
#     to set the Java Heap base and to place the Java Heap above 4GB virtual address.
# This output file may be truncated or incomplete.
#
#  Out of Memory Error (./src/hotspot/share/memory/arena.cpp:81), pid=24496, tid=35152
#
# JRE version: OpenJDK Runtime Environment (11.0.12+7) (build 11.0.12+7-b1504.28-7817840)
# Java VM: OpenJDK 64-Bit Server VM (11.0.12+7-b1504.28-7817840, mixed mode, tiered, compressed oops, g1 gc, windows-amd64)
# No core dump will be written. Minidumps are not enabled by default on client versions of Windows
#

---------------  S U M M A R Y ------------

Command Line: --add-opens=java.base/java.util=ALL-UNNAMED --add-opens=java.base/java.lang=ALL-UNNAMED --add-opens=java.base/java.lang.invoke=ALL-UNNAMED --add-opens=java.base/java.util=ALL-UNNAMED --add-opens=java.prefs/java.util.prefs=ALL-UNNAMED --add-opens=java.prefs/java.util.prefs=ALL-UNNAMED --add-opens=java.base/java.nio.charset=ALL-UNNAMED --add-opens=java.base/java.net=ALL-UNNAMED --add-opens=java.base/java.util.concurrent.atomic=ALL-UNNAMED -Xmx2048m -Dfile.encoding=UTF-8 -Duser.country=IN -Duser.language=en -Duser.variant org.gradle.launcher.daemon.bootstrap.GradleDaemon 7.3.3

Host: Intel(R) Core(TM) i3-10110U CPU @ 2.10GHz, 4 cores, 3G,  Windows 10 , 64 bit Build 22621 (10.0.22621.963)
Time: Thu Mar 30 14:14:59 2023 India Standard Time elapsed time: 14.098457 seconds (0d 0h 0m 14s)

---------------  T H R E A D  ---------------

Current thread (0x0000014d4fd1a800):  JavaThread "C2 CompilerThread0" daemon [_thread_in_native, id=35152, stack(0x0000002e48200000,0x0000002e48300000)]


Current CompileTask:
C2:  14099 3526       4       org.objectweb.asm.Frame::execute (2318 bytes)

Stack: [0x0000002e48200000,0x0000002e48300000]
Native frames: (J=compiled Java code, j=interpreted, Vv=VM code, C=native code)
V  [jvm.dll+0x5fbcea]
V  [jvm.dll+0x731905]
V  [jvm.dll+0x732f1d]
V  [jvm.dll+0x7335d3]
V  [jvm.dll+0x247bf8]
V  [jvm.dll+0xc041b]
V  [jvm.dll+0xc06cc]
V  [jvm.dll+0x11a7e8]
V  [jvm.dll+0x119842]
V  [jvm.dll+0x601459]
V  [jvm.dll+0x200953]
V  [jvm.dll+0x1ff794]
V  [jvm.dll+0x18868c]
V  [jvm.dll+0x20e0d7]
V  [jvm.dll+0x20c901]
V  [jvm.dll+0x6f9b7f]
V  [jvm.dll+0x6f26a5]
V  [jvm.dll+0x5fabf6]
C  [ucrtbase.dll+0x29363]
C  [KERNEL32.DLL+0x126bd]
C  [ntdll.dll+0x5dfb8]


---------------  P R O C E S S  ---------------

Threads class SMR info:
_java_thread_list=0x0000014d4ff5ac50, length=35, elements={
0x0000014d357d6000, 0x0000014d4f394000, 0x0000014d4f39f800, 0x0000014d4fd12800,
0x0000014d4fd13800, 0x0000014d4fd14800, 0x0000014d4fd1a800, 0x0000014d4fd1f800,
0x0000014d4f3fe000, 0x0000014d4fe60000, 0x0000014d51508800, 0x0000014d50cba800,
0x0000014d52238000, 0x0000014d518d6800, 0x0000014d51789000, 0x0000014d51263000,
0x0000014d4fd87800, 0x0000014d4ffb8000, 0x0000014d509c2800, 0x0000014d50830000,
0x0000014d5082c800, 0x0000014d5082d800, 0x0000014d50831000, 0x0000014d50831800,
0x0000014d5082f000, 0x0000014d50832800, 0x0000014d50833000, 0x0000014d5082e800,
0x0000014d53955800, 0x0000014d53958000, 0x0000014d53954000, 0x0000014d5229e800,
0x0000014d53957000, 0x0000014d53959000, 0x0000014d53954800
}

Java Threads: ( => current thread )
  0x0000014d357d6000 JavaThread "main" [_thread_blocked, id=26908, stack(0x0000002e47600000,0x0000002e47700000)]
  0x0000014d4f394000 JavaThread "Reference Handler" daemon [_thread_blocked, id=35324, stack(0x0000002e47d00000,0x0000002e47e00000)]
  0x0000014d4f39f800 JavaThread "Finalizer" daemon [_thread_blocked, id=35652, stack(0x0000002e47e00000,0x0000002e47f00000)]
  0x0000014d4fd12800 JavaThread "Signal Dispatcher" daemon [_thread_blocked, id=23180, stack(0x0000002e47f00000,0x0000002e48000000)]
  0x0000014d4fd13800 JavaThread "Attach Listener" daemon [_thread_blocked, id=22100, stack(0x0000002e48000000,0x0000002e48100000)]
  0x0000014d4fd14800 JavaThread "Service Thread" daemon [_thread_blocked, id=30604, stack(0x0000002e48100000,0x0000002e48200000)]
=>0x0000014d4fd1a800 JavaThread "C2 CompilerThread0" daemon [_thread_in_native, id=35152, stack(0x0000002e48200000,0x0000002e48300000)]
  0x0000014d4fd1f800 JavaThread "C1 CompilerThread0" daemon [_thread_blocked, id=17728, stack(0x0000002e48300000,0x0000002e48400000)]
  0x0000014d4f3fe000 JavaThread "Sweeper thread" daemon [_thread_blocked, id=18388, stack(0x0000002e48400000,0x0000002e48500000)]
  0x0000014d4fe60000 JavaThread "Common-Cleaner" daemon [_thread_blocked, id=33952, stack(0x0000002e48500000,0x0000002e48600000)]
  0x0000014d51508800 JavaThread "Daemon health stats" [_thread_blocked, id=6844, stack(0x0000002e48800000,0x0000002e48900000)]
  0x0000014d50cba800 JavaThread "Incoming local TCP Connector on port 62032" [_thread_in_native, id=27328, stack(0x0000002e48900000,0x0000002e48a00000)]
  0x0000014d52238000 JavaThread "Daemon periodic checks" [_thread_blocked, id=13996, stack(0x0000002e48a00000,0x0000002e48b00000)]
  0x0000014d518d6800 JavaThread "Daemon" [_thread_blocked, id=33328, stack(0x0000002e48b00000,0x0000002e48c00000)]
  0x0000014d51789000 JavaThread "Handler for socket connection from /127.0.0.1:62032 to /127.0.0.1:62033" [_thread_in_native, id=29144, stack(0x0000002e48c00000,0x0000002e48d00000)]
  0x0000014d51263000 JavaThread "Cancel handler" [_thread_blocked, id=17352, stack(0x0000002e48d00000,0x0000002e48e00000)]
  0x0000014d4fd87800 JavaThread "Daemon worker" [_thread_in_native, id=33748, stack(0x0000002e48e00000,0x0000002e48f00000)]
  0x0000014d4ffb8000 JavaThread "Asynchronous log dispatcher for DefaultDaemonConnection: socket connection from /127.0.0.1:62032 to /127.0.0.1:62033" [_thread_blocked, id=29528, stack(0x0000002e48f00000,0x0000002e49000000)]
  0x0000014d509c2800 JavaThread "Stdin handler" [_thread_blocked, id=32216, stack(0x0000002e49000000,0x0000002e49100000)]
  0x0000014d50830000 JavaThread "Daemon client event forwarder" [_thread_blocked, id=25268, stack(0x0000002e49100000,0x0000002e49200000)]
  0x0000014d5082c800 JavaThread "Cache worker for journal cache (C:\Users\user\.gradle\caches\journal-1)" [_thread_blocked, id=8128, stack(0x0000002e49400000,0x0000002e49500000)]
  0x0000014d5082d800 JavaThread "File lock request listener" [_thread_in_native, id=35764, stack(0x0000002e49500000,0x0000002e49600000)]
  0x0000014d50831000 JavaThread "Cache worker for file hash cache (C:\Users\user\.gradle\caches\7.3.3\fileHashes)" [_thread_blocked, id=22304, stack(0x0000002e49600000,0x0000002e49700000)]
  0x0000014d50831800 JavaThread "Cache worker for file hash cache (C:\Users\user\AndroidStudioProjects\Qiuck_fix_sorter\.gradle\7.3.3\fileHashes)" [_thread_blocked, id=30428, stack(0x0000002e49700000,0x0000002e49800000)]
  0x0000014d5082f000 JavaThread "File watcher server" daemon [_thread_in_native, id=33712, stack(0x0000002e49800000,0x0000002e49900000)]
  0x0000014d50832800 JavaThread "File watcher consumer" daemon [_thread_blocked, id=33216, stack(0x0000002e49900000,0x0000002e49a00000)]
  0x0000014d50833000 JavaThread "Cache worker for checksums cache (C:\Users\user\AndroidStudioProjects\Qiuck_fix_sorter\.gradle\7.3.3\checksums)" [_thread_blocked, id=13812, stack(0x0000002e49a00000,0x0000002e49b00000)]
  0x0000014d5082e800 JavaThread "Cache worker for cache directory md-supplier (C:\Users\user\.gradle\caches\7.3.3\md-supplier)" [_thread_blocked, id=6292, stack(0x0000002e49b00000,0x0000002e49c00000)]
  0x0000014d53955800 JavaThread "Cache worker for cache directory md-rule (C:\Users\user\.gradle\caches\7.3.3\md-rule)" [_thread_blocked, id=11524, stack(0x0000002e49c00000,0x0000002e49d00000)]
  0x0000014d53958000 JavaThread "Cache worker for execution history cache (C:\Users\user\.gradle\caches\7.3.3\executionHistory)" [_thread_blocked, id=9060, stack(0x0000002e49d00000,0x0000002e49e00000)]
  0x0000014d53954000 JavaThread "jar transforms" [_thread_blocked, id=31616, stack(0x0000002e49e00000,0x0000002e49f00000)]
  0x0000014d5229e800 JavaThread "C2 CompilerThread1" daemon [_thread_in_native, id=23988, stack(0x0000002e49f00000,0x0000002e4a000000)]
  0x0000014d53957000 JavaThread "Cache worker for file content cache (C:\Users\user\.gradle\caches\7.3.3\fileContent)" [_thread_blocked, id=18876, stack(0x0000002e4a000000,0x0000002e4a100000)]
  0x0000014d53959000 JavaThread "jar transforms Thread 2" [_thread_blocked, id=22496, stack(0x0000002e4a100000,0x0000002e4a200000)]
  0x0000014d53954800 JavaThread "Cache worker for dependencies-accessors (C:\Users\user\AndroidStudioProjects\Qiuck_fix_sorter\.gradle\7.3.3\dependencies-accessors)" [_thread_blocked, id=26476, stack(0x0000002e4a200000,0x0000002e4a300000)]

Other Threads:
  0x0000014d4f38f800 VMThread "VM Thread" [stack: 0x0000002e47c00000,0x0000002e47d00000] [id=22784]
  0x0000014d4feb0000 WatcherThread [stack: 0x0000002e48600000,0x0000002e48700000] [id=20212]
  0x0000014d357f0800 GCTaskThread "GC Thread#0" [stack: 0x0000002e47700000,0x0000002e47800000] [id=17712]
  0x0000014d5010e000 GCTaskThread "GC Thread#1" [stack: 0x0000002e48700000,0x0000002e48800000] [id=2220]
  0x0000014d521e1800 GCTaskThread "GC Thread#2" [stack: 0x0000002e49200000,0x0000002e49300000] [id=17592]
  0x0000014d500df000 GCTaskThread "GC Thread#3" [stack: 0x0000002e49300000,0x0000002e49400000] [id=20764]
  0x0000014d35822000 ConcurrentGCThread "G1 Main Marker" [stack: 0x0000002e47800000,0x0000002e47900000] [id=10612]
  0x0000014d35824800 ConcurrentGCThread "G1 Conc#0" [stack: 0x0000002e47900000,0x0000002e47a00000] [id=26716]
  0x0000014d35880800 ConcurrentGCThread "G1 Refine#0" [stack: 0x0000002e47a00000,0x0000002e47b00000] [id=20684]
  0x0000014d35884800 ConcurrentGCThread "G1 Young RemSet Sampling" [stack: 0x0000002e47b00000,0x0000002e47c00000] [id=28996]

Threads with active compile tasks:
C2 CompilerThread0  14424 3526       4       org.objectweb.asm.Frame::execute (2318 bytes)
C2 CompilerThread1  14424 3558       4       org.codehaus.groovy.runtime.metaclass.MetaMethodIndex::addMethodToList (131 bytes)

VM state:not at safepoint (normal execution)

VM Mutex/Monitor currently owned by a thread: None

Heap address: 0x0000000080000000, size: 2048 MB, Compressed Oops mode: 32-bit
Narrow klass base: 0x0000000000000000, Narrow klass shift: 3
Compressed class space size: 1073741824 Address: 0x0000000100000000

Heap:
 garbage-first heap   total 63488K, used 29580K [0x0000000080000000, 0x0000000100000000)
  region size 1024K, 6 young (6144K), 3 survivors (3072K)
 Metaspace       used 40753K, capacity 41697K, committed 41984K, reserved 1085440K
  class space    used 5199K, capacity 5546K, committed 5632K, reserved 1048576K
Heap Regions: E=young(eden), S=young(survivor), O=old, HS=humongous(starts), HC=humongous(continues), CS=collection set, F=free, A=archive, TAMS=top-at-mark-start (previous, next)
|   0|0x0000000080000000, 0x0000000080100000, 0x0000000080100000|100%| O|  |TAMS 0x0000000080100000, 0x0000000080000000| Untracked 
|   1|0x0000000080100000, 0x0000000080200000, 0x0000000080200000|100%| O|  |TAMS 0x0000000080200000, 0x0000000080100000| Untracked 
|   2|0x0000000080200000, 0x0000000080300000, 0x0000000080300000|100%| O|  |TAMS 0x0000000080300000, 0x0000000080200000| Untracked 
|   3|0x0000000080300000, 0x0000000080400000, 0x0000000080400000|100%|HS|  |TAMS 0x0000000080400000, 0x0000000080300000| Complete 
|   4|0x0000000080400000, 0x0000000080500000, 0x0000000080500000|100%|HC|  |TAMS 0x0000000080500000, 0x0000000080400000| Complete 
|   5|0x0000000080500000, 0x0000000080600000, 0x0000000080600000|100%|HC|  |TAMS 0x0000000080600000, 0x0000000080500000| Complete 
|   6|0x0000000080600000, 0x0000000080700000, 0x0000000080700000|100%| O|  |TAMS 0x0000000080700000, 0x0000000080600000| Untracked 
|   7|0x0000000080700000, 0x0000000080800000, 0x0000000080800000|100%| O|  |TAMS 0x0000000080800000, 0x0000000080700000| Untracked 
|   8|0x0000000080800000, 0x0000000080900000, 0x0000000080900000|100%| O|  |TAMS 0x0000000080900000, 0x0000000080800000| Untracked 
|   9|0x0000000080900000, 0x0000000080a00000, 0x0000000080a00000|100%| O|  |TAMS 0x0000000080a00000, 0x0000000080900000| Untracked 
|  10|0x0000000080a00000, 0x0000000080b00000, 0x0000000080b00000|100%| O|  |TAMS 0x0000000080b00000, 0x0000000080a00000| Untracked 
|  11|0x0000000080b00000, 0x0000000080c00000, 0x0000000080c00000|100%| O|  |TAMS 0x0000000080c00000, 0x0000000080b00000| Untracked 
|  12|0x0000000080c00000, 0x0000000080d00000, 0x0000000080d00000|100%| O|  |TAMS 0x0000000080d00000, 0x0000000080c00000| Untracked 
|  13|0x0000000080d00000, 0x0000000080e00000, 0x0000000080e00000|100%| O|  |TAMS 0x0000000080e00000, 0x0000000080d00000| Untracked 
|  14|0x0000000080e00000, 0x0000000080f00000, 0x0000000080f00000|100%| O|  |TAMS 0x0000000080f00000, 0x0000000080e00000| Untracked 
|  15|0x0000000080f00000, 0x0000000081000000, 0x0000000081000000|100%| O|  |TAMS 0x0000000081000000, 0x0000000080f00000| Untracked 
|  16|0x0000000081000000, 0x0000000081100000, 0x0000000081100000|100%| O|  |TAMS 0x0000000081100000, 0x0000000081000000| Untracked 
|  17|0x0000000081100000, 0x0000000081200000, 0x0000000081200000|100%| O|  |TAMS 0x0000000081200000, 0x0000000081100000| Untracked 
|  18|0x0000000081200000, 0x0000000081300000, 0x0000000081300000|100%| O|  |TAMS 0x0000000081300000, 0x0000000081200000| Untracked 
|  19|0x0000000081300000, 0x0000000081400000, 0x0000000081400000|100%| O|  |TAMS 0x0000000081400000, 0x0000000081300000| Untracked 
|  20|0x0000000081400000, 0x0000000081500000, 0x0000000081500000|100%| O|  |TAMS 0x0000000081500000, 0x0000000081400000| Untracked 
|  21|0x0000000081500000, 0x0000000081600000, 0x0000000081600000|100%| O|  |TAMS 0x0000000081600000, 0x0000000081500000| Untracked 
|  22|0x0000000081600000, 0x0000000081700000, 0x0000000081700000|100%| O|  |TAMS 0x0000000081600000, 0x0000000081600000| Untracked 
|  23|0x0000000081700000, 0x0000000081800000, 0x0000000081800000|100%| O|  |TAMS 0x0000000081700000, 0x0000000081700000| Untracked 
|  24|0x0000000081800000, 0x0000000081843c00, 0x0000000081900000| 26%| O|  |TAMS 0x0000000081800000, 0x0000000081800000| Untracked 
|  25|0x0000000081900000, 0x0000000081900000, 0x0000000081a00000|  0%| F|  |TAMS 0x0000000081900000, 0x0000000081900000| Untracked 
|  26|0x0000000081a00000, 0x0000000081a00000, 0x0000000081b00000|  0%| F|  |TAMS 0x0000000081a00000, 0x0000000081a00000| Untracked 
|  27|0x0000000081b00000, 0x0000000081b00000, 0x0000000081c00000|  0%| F|  |TAMS 0x0000000081b00000, 0x0000000081b00000| Untracked 
|  28|0x0000000081c00000, 0x0000000081c00000, 0x0000000081d00000|  0%| F|  |TAMS 0x0000000081c00000, 0x0000000081c00000| Untracked 
|  29|0x0000000081d00000, 0x0000000081d00000, 0x0000000081e00000|  0%| F|  |TAMS 0x0000000081d00000, 0x0000000081d00000| Untracked 
|  30|0x0000000081e00000, 0x0000000081e00000, 0x0000000081f00000|  0%| F|  |TAMS 0x0000000081e00000, 0x0000000081e00000| Untracked 
|  31|0x0000000081f00000, 0x0000000081f00000, 0x0000000082000000|  0%| F|  |TAMS 0x0000000081f00000, 0x0000000081f00000| Untracked 
|  32|0x0000000082000000, 0x0000000082000000, 0x0000000082100000|  0%| F|  |TAMS 0x0000000082000000, 0x0000000082000000| Untracked 
|  33|0x0000000082100000, 0x0000000082100000, 0x0000000082200000|  0%| F|  |TAMS 0x0000000082100000, 0x0000000082100000| Untracked 
|  34|0x0000000082200000, 0x0000000082200000, 0x0000000082300000|  0%| F|  |TAMS 0x0000000082200000, 0x0000000082200000| Untracked 
|  35|0x0000000082300000, 0x0000000082300000, 0x0000000082400000|  0%| F|  |TAMS 0x0000000082300000, 0x0000000082300000| Untracked 
|  36|0x0000000082400000, 0x0000000082400000, 0x0000000082500000|  0%| F|  |TAMS 0x0000000082400000, 0x0000000082400000| Untracked 
|  37|0x0000000082500000, 0x0000000082500000, 0x0000000082600000|  0%| F|  |TAMS 0x0000000082500000, 0x0000000082500000| Untracked 
|  38|0x0000000082600000, 0x0000000082600000, 0x0000000082700000|  0%| F|  |TAMS 0x0000000082600000, 0x0000000082600000| Untracked 
|  39|0x0000000082700000, 0x000000008279f5a0, 0x0000000082800000| 62%| S|CS|TAMS 0x0000000082700000, 0x0000000082700000| Complete 
|  40|0x0000000082800000, 0x0000000082800000, 0x0000000082900000|  0%| F|  |TAMS 0x0000000082800000, 0x0000000082800000| Untracked 
|  41|0x0000000082900000, 0x0000000082900000, 0x0000000082a00000|  0%| F|  |TAMS 0x0000000082900000, 0x0000000082900000| Untracked 
|  42|0x0000000082a00000, 0x0000000082b00000, 0x0000000082b00000|100%| S|CS|TAMS 0x0000000082a00000, 0x0000000082a00000| Complete 
|  43|0x0000000082b00000, 0x0000000082c00000, 0x0000000082c00000|100%| S|CS|TAMS 0x0000000082b00000, 0x0000000082b00000| Complete 
|  44|0x0000000082c00000, 0x0000000082c00000, 0x0000000082d00000|  0%| F|  |TAMS 0x0000000082c00000, 0x0000000082c00000| Untracked 
|  45|0x0000000082d00000, 0x0000000082d00000, 0x0000000082e00000|  0%| F|  |TAMS 0x0000000082d00000, 0x0000000082d00000| Untracked 
|  46|0x0000000082e00000, 0x0000000082e00000, 0x0000000082f00000|  0%| F|  |TAMS 0x0000000082e00000, 0x0000000082e00000| Untracked 
|  47|0x0000000082f00000, 0x0000000082f00000, 0x0000000083000000|  0%| F|  |TAMS 0x0000000082f00000, 0x0000000082f00000| Untracked 
|  48|0x0000000083000000, 0x0000000083000000, 0x0000000083100000|  0%| F|  |TAMS 0x0000000083000000, 0x0000000083000000| Untracked 
|  49|0x0000000083100000, 0x0000000083100000, 0x0000000083200000|  0%| F|  |TAMS 0x0000000083100000, 0x0000000083100000| Untracked 
|  50|0x0000000083200000, 0x0000000083200000, 0x0000000083300000|  0%| F|  |TAMS 0x0000000083200000, 0x0000000083200000| Untracked 
|  51|0x0000000083300000, 0x0000000083300000, 0x0000000083400000|  0%| F|  |TAMS 0x0000000083300000, 0x0000000083300000| Untracked 
|  52|0x0000000083400000, 0x0000000083400000, 0x0000000083500000|  0%| F|  |TAMS 0x0000000083400000, 0x0000000083400000| Untracked 
|  53|0x0000000083500000, 0x0000000083500000, 0x0000000083600000|  0%| F|  |TAMS 0x0000000083500000, 0x0000000083500000| Untracked 
|  54|0x0000000083600000, 0x0000000083600000, 0x0000000083700000|  0%| F|  |TAMS 0x0000000083600000, 0x0000000083600000| Untracked 
|  55|0x0000000083700000, 0x0000000083700000, 0x0000000083800000|  0%| F|  |TAMS 0x0000000083700000, 0x0000000083700000| Untracked 
|  56|0x0000000083800000, 0x0000000083800000, 0x0000000083900000|  0%| F|  |TAMS 0x0000000083800000, 0x0000000083800000| Untracked 
|  57|0x0000000083900000, 0x0000000083900000, 0x0000000083a00000|  0%| F|  |TAMS 0x0000000083900000, 0x0000000083900000| Untracked 
|  58|0x0000000083a00000, 0x0000000083a00000, 0x0000000083b00000|  0%| F|  |TAMS 0x0000000083a00000, 0x0000000083a00000| Untracked 
|  59|0x0000000083b00000, 0x0000000083bffa70, 0x0000000083c00000| 99%| E|  |TAMS 0x0000000083b00000, 0x0000000083b00000| Complete 
|  60|0x0000000083c00000, 0x0000000083d00000, 0x0000000083d00000|100%| E|CS|TAMS 0x0000000083c00000, 0x0000000083c00000| Complete 
|  61|0x0000000083d00000, 0x0000000083e00000, 0x0000000083e00000|100%| E|CS|TAMS 0x0000000083d00000, 0x0000000083d00000| Complete 

Card table byte_map: [0x0000014d486e0000,0x0000014d48ae0000] _byte_map_base: 0x0000014d482e0000

Marking Bits (Prev, Next): (CMBitMap*) 0x0000014d358195d8, (CMBitMap*) 0x0000014d35819610
 Prev Bits: [0x0000014d48ee0000, 0x0000014d4aee0000)
 Next Bits: [0x0000014d4aee0000, 0x0000014d4cee0000)

Polling page: 0x0000014d337b0000

Metaspace:

Usage:
  Non-class:     35.30 MB capacity,    34.72 MB ( 98%) used,   500.03 KB (  1%) free+waste,    95.13 KB ( <1%) overhead. 
      Class:      5.42 MB capacity,     5.08 MB ( 94%) used,   299.90 KB (  5%) free+waste,    45.63 KB ( <1%) overhead. 
       Both:     40.72 MB capacity,    39.80 MB ( 98%) used,   799.93 KB (  2%) free+waste,   140.75 KB ( <1%) overhead. 

Virtual space:
  Non-class space:       36.00 MB reserved,      35.50 MB ( 99%) committed 
      Class space:        1.00 GB reserved,       5.50 MB ( <1%) committed 
             Both:        1.04 GB reserved,      41.00 MB (  4%) committed 

Chunk freelists:
   Non-Class:  9.00 KB
       Class:  22.00 KB
        Both:  31.00 KB

MaxMetaspaceSize: 17179869184.00 GB
CompressedClassSpaceSize: 1.00 GB
Initial GC threshold: 20.80 MB
Current GC threshold: 58.75 MB
CDS: off

CodeHeap 'non-profiled nmethods': size=120064Kb used=1817Kb max_used=1817Kb free=118246Kb
 bounds [0x0000014d40da0000, 0x0000014d41010000, 0x0000014d482e0000]
CodeHeap 'profiled nmethods': size=120000Kb used=7900Kb max_used=7900Kb free=112099Kb
 bounds [0x0000014d39870000, 0x0000014d3a030000, 0x0000014d40da0000]
CodeHeap 'non-nmethods': size=5696Kb used=2311Kb max_used=2311Kb free=3384Kb
 bounds [0x0000014d392e0000, 0x0000014d39550000, 0x0000014d39870000]
 total_blobs=4393 nmethods=3626 adapters=676
 compilation: enabled
              stopped_count=0, restarted_count=0
 full_count=0

Compilation events (20 events):
Event: 14.041 Thread 0x0000014d4fd1f800 3601       3       java.util.Arrays::stream (11 bytes)
Event: 14.041 Thread 0x0000014d4fd1f800 nmethod 3601 0x0000014d3a00dc10 code [0x0000014d3a00de40, 0x0000014d3a00e4c8]
Event: 14.041 Thread 0x0000014d4fd1f800 3602       3       java.util.Arrays::spliterator (10 bytes)
Event: 14.042 Thread 0x0000014d4fd1f800 nmethod 3602 0x0000014d3a00e790 code [0x0000014d3a00e980, 0x0000014d3a00ed28]
Event: 14.051 Thread 0x0000014d4fd1f800 3603       3       java.util.stream.SpinedBuffer::ensureCapacity (138 bytes)
Event: 14.053 Thread 0x0000014d4fd1f800 nmethod 3603 0x0000014d3a00ef10 code [0x0000014d3a00f1a0, 0x0000014d3a0102c8]
Event: 14.056 Thread 0x0000014d4fd1f800 3604       3       com.sun.beans.util.Cache::getEntryValue (33 bytes)
Event: 14.057 Thread 0x0000014d4fd1f800 nmethod 3604 0x0000014d3a010810 code [0x0000014d3a010a00, 0x0000014d3a010ec8]
Event: 14.057 Thread 0x0000014d4fd1f800 3606       3       java.beans.PropertyDescriptor::setClass0 (25 bytes)
Event: 14.057 Thread 0x0000014d4fd1f800 nmethod 3606 0x0000014d3a011090 code [0x0000014d3a0112e0, 0x0000014d3a011d78]
Event: 14.057 Thread 0x0000014d4fd1f800 3605       3       java.beans.PropertyDescriptor::setWriteMethod0 (48 bytes)
Event: 14.059 Thread 0x0000014d4fd1f800 nmethod 3605 0x0000014d3a012010 code [0x0000014d3a0123e0, 0x0000014d3a013fa8]
Event: 14.060 Thread 0x0000014d4fd1f800 3607       3       java.util.stream.SpinedBuffer::<init> (18 bytes)
Event: 14.060 Thread 0x0000014d4fd1f800 nmethod 3607 0x0000014d3a014710 code [0x0000014d3a0148e0, 0x0000014d3a014b98]
Event: 14.060 Thread 0x0000014d4fd1f800 3608       3       java.util.stream.AbstractSpinedBuffer::<init> (10 bytes)
Event: 14.060 Thread 0x0000014d4fd1f800 nmethod 3608 0x0000014d3a014c90 code [0x0000014d3a014e40, 0x0000014d3a014f98]
Event: 14.062 Thread 0x0000014d4fd1f800 3609       3       groovy.lang.MetaClassImpl::getMethods (173 bytes)
Event: 14.064 Thread 0x0000014d4fd1f800 nmethod 3609 0x0000014d3a015090 code [0x0000014d3a0153e0, 0x0000014d3a016a18]
Event: 14.064 Thread 0x0000014d4fd1f800 3610       3       org.codehaus.groovy.runtime.GroovyCategorySupport::getCategoryMethods (21 bytes)
Event: 14.064 Thread 0x0000014d4fd1f800 nmethod 3610 0x0000014d3a017090 code [0x0000014d3a0172a0, 0x0000014d3a017868]

GC Heap History (20 events):
Event: 6.768 GC heap before
{Heap before GC invocations=6 (full 0):
 garbage-first heap   total 63488K, used 17214K [0x0000000080000000, 0x0000000100000000)
  region size 1024K, 4 young (4096K), 3 survivors (3072K)
 Metaspace       used 20702K, capacity 21081K, committed 21248K, reserved 1067008K
  class space    used 2543K, capacity 2712K, committed 2816K, reserved 1048576K
}
Event: 6.773 GC heap after
{Heap after GC invocations=7 (full 0):
 garbage-first heap   total 63488K, used 17529K [0x0000000080000000, 0x0000000100000000)
  region size 1024K, 2 young (2048K), 2 survivors (2048K)
 Metaspace       used 20702K, capacity 21081K, committed 21248K, reserved 1067008K
  class space    used 2543K, capacity 2712K, committed 2816K, reserved 1048576K
}
Event: 7.479 GC heap before
{Heap before GC invocations=8 (full 0):
 garbage-first heap   total 63488K, used 35961K [0x0000000080000000, 0x0000000100000000)
  region size 1024K, 21 young (21504K), 2 survivors (2048K)
 Metaspace       used 22788K, capacity 23244K, committed 23296K, reserved 1069056K
  class space    used 2874K, capacity 3034K, committed 3072K, reserved 1048576K
}
Event: 7.483 GC heap after
{Heap after GC invocations=9 (full 0):
 garbage-first heap   total 63488K, used 17773K [0x0000000080000000, 0x0000000100000000)
  region size 1024K, 2 young (2048K), 2 survivors (2048K)
 Metaspace       used 22788K, capacity 23244K, committed 23296K, reserved 1069056K
  class space    used 2874K, capacity 3034K, committed 3072K, reserved 1048576K
}
Event: 8.421 GC heap before
{Heap before GC invocations=9 (full 0):
 garbage-first heap   total 63488K, used 39277K [0x0000000080000000, 0x0000000100000000)
  region size 1024K, 23 young (23552K), 2 survivors (2048K)
 Metaspace       used 24987K, capacity 25623K, committed 25728K, reserved 1071104K
  class space    used 3196K, capacity 3422K, committed 3456K, reserved 1048576K
}
Event: 8.427 GC heap after
{Heap after GC invocations=10 (full 0):
 garbage-first heap   total 63488K, used 18683K [0x0000000080000000, 0x0000000100000000)
  region size 1024K, 3 young (3072K), 3 survivors (3072K)
 Metaspace       used 24987K, capacity 25623K, committed 25728K, reserved 1071104K
  class space    used 3196K, capacity 3422K, committed 3456K, reserved 1048576K
}
Event: 9.540 GC heap before
{Heap before GC invocations=10 (full 0):
 garbage-first heap   total 63488K, used 41211K [0x0000000080000000, 0x0000000100000000)
  region size 1024K, 25 young (25600K), 3 survivors (3072K)
 Metaspace       used 27355K, capacity 27921K, committed 28160K, reserved 1073152K
  class space    used 3586K, capacity 3812K, committed 3840K, reserved 1048576K
}
Event: 9.546 GC heap after
{Heap after GC invocations=11 (full 0):
 garbage-first heap   total 63488K, used 19661K [0x0000000080000000, 0x0000000100000000)
  region size 1024K, 3 young (3072K), 3 survivors (3072K)
 Metaspace       used 27355K, capacity 27921K, committed 28160K, reserved 1073152K
  class space    used 3586K, capacity 3812K, committed 3840K, reserved 1048576K
}
Event: 10.818 GC heap before
{Heap before GC invocations=11 (full 0):
 garbage-first heap   total 63488K, used 43213K [0x0000000080000000, 0x0000000100000000)
  region size 1024K, 26 young (26624K), 3 survivors (3072K)
 Metaspace       used 29523K, capacity 30203K, committed 30336K, reserved 1075200K
  class space    used 3932K, capacity 4168K, committed 4224K, reserved 1048576K
}
Event: 10.837 GC heap after
{Heap after GC invocations=12 (full 0):
 garbage-first heap   total 63488K, used 20410K [0x0000000080000000, 0x0000000100000000)
  region size 1024K, 3 young (3072K), 3 survivors (3072K)
 Metaspace       used 29523K, capacity 30203K, committed 30336K, reserved 1075200K
  class space    used 3932K, capacity 4168K, committed 4224K, reserved 1048576K
}
Event: 12.371 GC heap before
{Heap before GC invocations=12 (full 0):
 garbage-first heap   total 63488K, used 42938K [0x0000000080000000, 0x0000000100000000)
  region size 1024K, 26 young (26624K), 3 survivors (3072K)
 Metaspace       used 35038K, capacity 35796K, committed 35840K, reserved 1081344K
  class space    used 4544K, capacity 4842K, committed 4864K, reserved 1048576K
}
Event: 12.379 GC heap after
{Heap after GC invocations=13 (full 0):
 garbage-first heap   total 63488K, used 22719K [0x0000000080000000, 0x0000000100000000)
  region size 1024K, 4 young (4096K), 4 survivors (4096K)
 Metaspace       used 35038K, capacity 35796K, committed 35840K, reserved 1081344K
  class space    used 4544K, capacity 4842K, committed 4864K, reserved 1048576K
}
Event: 12.387 GC heap before
{Heap before GC invocations=13 (full 0):
 garbage-first heap   total 63488K, used 22719K [0x0000000080000000, 0x0000000100000000)
  region size 1024K, 5 young (5120K), 4 survivors (4096K)
 Metaspace       used 35060K, capacity 35799K, committed 35840K, reserved 1081344K
  class space    used 4549K, capacity 4843K, committed 4864K, reserved 1048576K
}
Event: 12.395 GC heap after
{Heap after GC invocations=14 (full 0):
 garbage-first heap   total 63488K, used 23224K [0x0000000080000000, 0x0000000100000000)
  region size 1024K, 1 young (1024K), 1 survivors (1024K)
 Metaspace       used 35060K, capacity 35799K, committed 35840K, reserved 1081344K
  class space    used 4549K, capacity 4843K, committed 4864K, reserved 1048576K
}
Event: 12.916 GC heap before
{Heap before GC invocations=15 (full 0):
 garbage-first heap   total 63488K, used 37560K [0x0000000080000000, 0x0000000100000000)
  region size 1024K, 16 young (16384K), 1 survivors (1024K)
 Metaspace       used 37023K, capacity 37833K, committed 38144K, reserved 1083392K
  class space    used 4761K, capacity 5051K, committed 5120K, reserved 1048576K
}
Event: 12.919 GC heap after
{Heap after GC invocations=16 (full 0):
 garbage-first heap   total 63488K, used 24505K [0x0000000080000000, 0x0000000100000000)
  region size 1024K, 2 young (2048K), 2 survivors (2048K)
 Metaspace       used 37023K, capacity 37833K, committed 38144K, reserved 1083392K
  class space    used 4761K, capacity 5051K, committed 5120K, reserved 1048576K
}
Event: 13.178 GC heap before
{Heap before GC invocations=16 (full 0):
 garbage-first heap   total 63488K, used 40889K [0x0000000080000000, 0x0000000100000000)
  region size 1024K, 18 young (18432K), 2 survivors (2048K)
 Metaspace       used 37768K, capacity 38655K, committed 38784K, reserved 1083392K
  class space    used 4868K, capacity 5173K, committed 5248K, reserved 1048576K
}
Event: 13.181 GC heap after
{Heap after GC invocations=17 (full 0):
 garbage-first heap   total 63488K, used 25047K [0x0000000080000000, 0x0000000100000000)
  region size 1024K, 2 young (2048K), 2 survivors (2048K)
 Metaspace       used 37768K, capacity 38655K, committed 38784K, reserved 1083392K
  class space    used 4868K, capacity 5173K, committed 5248K, reserved 1048576K
}
Event: 13.571 GC heap before
{Heap before GC invocations=17 (full 0):
 garbage-first heap   total 63488K, used 44503K [0x0000000080000000, 0x0000000100000000)
  region size 1024K, 19 young (19456K), 2 survivors (2048K)
 Metaspace       used 39320K, capacity 40217K, committed 40448K, reserved 1085440K
  class space    used 5014K, capacity 5353K, committed 5376K, reserved 1048576K
}
Event: 13.576 GC heap after
{Heap after GC invocations=18 (full 0):
 garbage-first heap   total 63488K, used 26370K [0x0000000080000000, 0x0000000100000000)
  region size 1024K, 3 young (3072K), 3 survivors (3072K)
 Metaspace       used 39320K, capacity 40217K, committed 40448K, reserved 1085440K
  class space    used 5014K, capacity 5353K, committed 5376K, reserved 1048576K
}

Deoptimization events (20 events):
Event: 13.550 Thread 0x0000014d4fd87800 DEOPT PACKING pc=0x0000014d40f434b0 sp=0x0000002e48ef4430
Event: 13.550 Thread 0x0000014d4fd87800 DEOPT UNPACKING pc=0x0000014d3932a1af sp=0x0000002e48ef43e8 mode 2
Event: 13.550 Thread 0x0000014d4fd87800 Uncommon trap: trap_request=0xffffffbe fr.pc=0x0000014d40f434b0 relative=0x0000000000000850
Event: 13.550 Thread 0x0000014d4fd87800 Uncommon trap: reason=profile_predicate action=maybe_recompile pc=0x0000014d40f434b0 method=java.lang.PublicMethods$MethodList.filter([Ljava/lang/reflect/Method;Ljava/lang/String;[Ljava/lang/Class;Z)Ljava/lang/PublicMethods$MethodList; @ 21 c2
Event: 13.550 Thread 0x0000014d4fd87800 DEOPT PACKING pc=0x0000014d40f434b0 sp=0x0000002e48ef4430
Event: 13.550 Thread 0x0000014d4fd87800 DEOPT UNPACKING pc=0x0000014d3932a1af sp=0x0000002e48ef43e8 mode 2
Event: 13.550 Thread 0x0000014d4fd87800 Uncommon trap: trap_request=0xffffffbe fr.pc=0x0000014d40f434b0 relative=0x0000000000000850
Event: 13.550 Thread 0x0000014d4fd87800 Uncommon trap: reason=profile_predicate action=maybe_recompile pc=0x0000014d40f434b0 method=java.lang.PublicMethods$MethodList.filter([Ljava/lang/reflect/Method;Ljava/lang/String;[Ljava/lang/Class;Z)Ljava/lang/PublicMethods$MethodList; @ 21 c2
Event: 13.550 Thread 0x0000014d4fd87800 DEOPT PACKING pc=0x0000014d40f434b0 sp=0x0000002e48ef3c90
Event: 13.550 Thread 0x0000014d4fd87800 DEOPT UNPACKING pc=0x0000014d3932a1af sp=0x0000002e48ef3c48 mode 2
Event: 13.858 Thread 0x0000014d4fd87800 Uncommon trap: trap_request=0xffffffc6 fr.pc=0x0000014d40f2cf54 relative=0x00000000000001d4
Event: 13.858 Thread 0x0000014d4fd87800 Uncommon trap: reason=bimorphic_or_optimized_type_check action=maybe_recompile pc=0x0000014d40f2cf54 method=java.util.stream.ReferencePipeline.forEachWithCancel(Ljava/util/Spliterator;Ljava/util/stream/Sink;)Z @ 1 c2
Event: 13.858 Thread 0x0000014d4fd87800 DEOPT PACKING pc=0x0000014d40f2cf54 sp=0x0000002e48ef8fc0
Event: 13.858 Thread 0x0000014d4fd87800 DEOPT UNPACKING pc=0x0000014d3932a1af sp=0x0000002e48ef8f50 mode 2
Event: 13.859 Thread 0x0000014d4fd87800 DEOPT PACKING pc=0x0000014d39ec3974 sp=0x0000002e48ef9d30
Event: 13.859 Thread 0x0000014d4fd87800 DEOPT UNPACKING pc=0x0000014d3932a95e sp=0x0000002e48ef92d0 mode 0
Event: 14.063 Thread 0x0000014d4fd87800 Uncommon trap: trap_request=0xffffff4d fr.pc=0x0000014d40efaf30 relative=0x0000000000000110
Event: 14.063 Thread 0x0000014d4fd87800 Uncommon trap: reason=unstable_if action=reinterpret pc=0x0000014d40efaf30 method=java.util.Arrays.hashCode([Ljava/lang/Object;)I @ 34 c2
Event: 14.063 Thread 0x0000014d4fd87800 DEOPT PACKING pc=0x0000014d40efaf30 sp=0x0000002e48ef9300
Event: 14.063 Thread 0x0000014d4fd87800 DEOPT UNPACKING pc=0x0000014d3932a1af sp=0x0000002e48ef9278 mode 2

Classes redefined (0 events):
No events

Internal exceptions (20 events):
Event: 13.767 Thread 0x0000014d4fd87800 Exception <a 'java/lang/NoSuchMethodError'{0x0000000083560e60}: 'void java.lang.invoke.DirectMethodHandle$Holder.invokeInterface(java.lang.Object, java.lang.Object)'> (0x0000000083560e60) thrown at [./src/hotspot/share/interpreter/linkResolver.cpp, line 773]
Event: 13.878 Thread 0x0000014d4fd87800 Exception <a 'java/lang/ClassNotFoundException'{0x00000000833180a0}: settings_aal9uwfcf7u6s6a2d49a6goq3BeanInfo> (0x00000000833180a0) thrown at [./src/hotspot/share/classfile/systemDictionary.cpp, line 231]
Event: 13.878 Thread 0x0000014d4fd87800 Exception <a 'java/lang/ClassNotFoundException'{0x0000000083323810}: settings_aal9uwfcf7u6s6a2d49a6goq3Customizer> (0x0000000083323810) thrown at [./src/hotspot/share/classfile/systemDictionary.cpp, line 231]
Event: 13.908 Thread 0x0000014d4fd87800 Exception <a 'java/lang/ClassNotFoundException'{0x00000000832504c0}: org/gradle/internal/management/DefaultDependencyResolutionManagement_DecoratedBeanInfo> (0x00000000832504c0) thrown at [./src/hotspot/share/classfile/systemDictionary.cpp, line 231]
Event: 13.909 Thread 0x0000014d4fd87800 Exception <a 'java/lang/ClassNotFoundException'{0x0000000083289af0}: org/gradle/internal/management/DefaultDependencyResolutionManagementBeanInfo> (0x0000000083289af0) thrown at [./src/hotspot/share/classfile/systemDictionary.cpp, line 231]
Event: 13.911 Thread 0x0000014d4fd87800 Exception <a 'java/lang/ClassNotFoundException'{0x00000000832c3830}: org/gradle/internal/management/DefaultDependencyResolutionManagementCustomizer> (0x00000000832c3830) thrown at [./src/hotspot/share/classfile/systemDictionary.cpp, line 231]
Event: 13.916 Thread 0x0000014d4fd87800 Exception <a 'java/lang/ClassNotFoundException'{0x0000000083113408}: org/gradle/internal/management/DefaultDependencyResolutionManagement_DecoratedCustomizer> (0x0000000083113408) thrown at [./src/hotspot/share/classfile/systemDictionary.cpp, line 231]
Event: 13.931 Thread 0x0000014d4fd87800 Exception <a 'java/lang/ClassNotFoundException'{0x000000008319ef60}: org/gradle/api/initialization/resolve/RepositoriesModeBeanInfo> (0x000000008319ef60) thrown at [./src/hotspot/share/classfile/systemDictionary.cpp, line 231]
Event: 13.931 Thread 0x0000014d4fd87800 Exception <a 'java/lang/ClassNotFoundException'{0x00000000831a3e28}: java/lang/EnumBeanInfo> (0x00000000831a3e28) thrown at [./src/hotspot/share/classfile/systemDictionary.cpp, line 231]
Event: 13.932 Thread 0x0000014d4fd87800 Exception <a 'java/lang/ClassNotFoundException'{0x00000000831a8d10}: java/lang/EnumCustomizer> (0x00000000831a8d10) thrown at [./src/hotspot/share/classfile/systemDictionary.cpp, line 231]
Event: 13.940 Thread 0x0000014d4fd87800 Exception <a 'java/lang/ClassNotFoundException'{0x00000000831d79c8}: org/gradle/api/initialization/resolve/RepositoriesModeCustomizer> (0x00000000831d79c8) thrown at [./src/hotspot/share/classfile/systemDictionary.cpp, line 231]
Event: 13.961 Thread 0x0000014d4fd87800 Exception <a 'java/lang/ClassNotFoundException'{0x0000000083064830}: org/gradle/api/internal/provider/DefaultPropertyBeanInfo> (0x0000000083064830) thrown at [./src/hotspot/share/classfile/systemDictionary.cpp, line 231]
Event: 13.962 Thread 0x0000014d4fd87800 Exception <a 'java/lang/ClassNotFoundException'{0x000000008308ab28}: org/gradle/api/internal/provider/AbstractPropertyBeanInfo> (0x000000008308ab28) thrown at [./src/hotspot/share/classfile/systemDictionary.cpp, line 231]
Event: 13.963 Thread 0x0000014d4fd87800 Exception <a 'java/lang/ClassNotFoundException'{0x00000000830b32a0}: org/gradle/api/internal/provider/AbstractMinimalProviderBeanInfo> (0x00000000830b32a0) thrown at [./src/hotspot/share/classfile/systemDictionary.cpp, line 231]
Event: 13.964 Thread 0x0000014d4fd87800 Exception <a 'java/lang/ClassNotFoundException'{0x00000000830dc208}: org/gradle/api/internal/provider/AbstractMinimalProviderCustomizer> (0x00000000830dc208) thrown at [./src/hotspot/share/classfile/systemDictionary.cpp, line 231]
Event: 13.971 Thread 0x0000014d4fd87800 Exception <a 'java/lang/ClassNotFoundException'{0x0000000082f3ce00}: org/gradle/api/internal/provider/AbstractPropertyCustomizer> (0x0000000082f3ce00) thrown at [./src/hotspot/share/classfile/systemDictionary.cpp, line 231]
Event: 13.974 Thread 0x0000014d4fd87800 Exception <a 'java/lang/ClassNotFoundException'{0x0000000082f6faa8}: org/gradle/api/internal/provider/DefaultPropertyCustomizer> (0x0000000082f6faa8) thrown at [./src/hotspot/share/classfile/systemDictionary.cpp, line 231]
Event: 14.053 Thread 0x0000014d4fd87800 Exception <a 'java/lang/ClassNotFoundException'{0x0000000082d64778}: org/gradle/initialization/DefaultProjectDescriptorBeanInfo> (0x0000000082d64778) thrown at [./src/hotspot/share/classfile/systemDictionary.cpp, line 231]
Event: 14.056 Thread 0x0000014d4fd87800 Exception <a 'java/lang/ClassNotFoundException'{0x0000000082d8a838}: org/gradle/initialization/DefaultProjectDescriptorCustomizer> (0x0000000082d8a838) thrown at [./src/hotspot/share/classfile/systemDictionary.cpp, line 231]
Event: 14.063 Thread 0x0000014d4fd87800 Implicit null exception at 0x0000014d40efae6c to 0x0000014d40efaf14

Events (20 events):
Event: 14.052 loading class org/gradle/initialization/DefaultProjectDescriptorBeanInfo done
Event: 14.052 loading class org/gradle/initialization/DefaultProjectDescriptorBeanInfo
Event: 14.052 loading class org/gradle/initialization/DefaultProjectDescriptorBeanInfo done
Event: 14.052 loading class org/gradle/initialization/DefaultProjectDescriptorBeanInfo
Event: 14.052 loading class org/gradle/initialization/DefaultProjectDescriptorBeanInfo done
Event: 14.053 loading class org/gradle/initialization/DefaultProjectDescriptorBeanInfo
Event: 14.053 loading class org/gradle/initialization/DefaultProjectDescriptorBeanInfo done
Event: 14.054 loading class org/gradle/initialization/DefaultProjectDescriptorCustomizer
Event: 14.054 loading class org/gradle/initialization/DefaultProjectDescriptorCustomizer done
Event: 14.054 loading class org/gradle/initialization/DefaultProjectDescriptorCustomizer
Event: 14.054 loading class org/gradle/initialization/DefaultProjectDescriptorCustomizer done
Event: 14.054 loading class org/gradle/initialization/DefaultProjectDescriptorCustomizer
Event: 14.054 loading class org/gradle/initialization/DefaultProjectDescriptorCustomizer done
Event: 14.055 loading class org/gradle/initialization/DefaultProjectDescriptorCustomizer
Event: 14.055 loading class org/gradle/initialization/DefaultProjectDescriptorCustomizer done
Event: 14.061 loading class org/gradle/util/internal/NameValidator
Event: 14.061 loading class org/gradle/util/internal/NameValidator done
Event: 14.063 loading class org/gradle/internal/time/TimeFormatting
Event: 14.063 loading class org/gradle/internal/time/TimeFormatting done
Event: 14.066 loading class jdk/internal/math/FDBigInteger


Dynamic libraries:
0x00007ff6c56d0000 - 0x00007ff6c56da000 	C:\Program Files\Android\Android Studio\jre\bin\java.exe
0x00007ffb91a50000 - 0x00007ffb91c64000 	C:\WINDOWS\SYSTEM32\ntdll.dll
0x00007ffb8fec0000 - 0x00007ffb8ff83000 	C:\WINDOWS\System32\KERNEL32.DLL
0x00007ffb8f1c0000 - 0x00007ffb8f55d000 	C:\WINDOWS\System32\KERNELBASE.dll
0x00007ffb8f560000 - 0x00007ffb8f671000 	C:\WINDOWS\System32\ucrtbase.dll
0x00007ffb3bbc0000 - 0x00007ffb3bbd9000 	C:\Program Files\Android\Android Studio\jre\bin\jli.dll
0x00007ffb3b880000 - 0x00007ffb3b897000 	C:\Program Files\Android\Android Studio\jre\bin\VCRUNTIME140.dll
0x00007ffb91080000 - 0x00007ffb9122d000 	C:\WINDOWS\System32\USER32.dll
0x00007ffb8f020000 - 0x00007ffb8f046000 	C:\WINDOWS\System32\win32u.dll
0x00007ffb8fba0000 - 0x00007ffb8fbc9000 	C:\WINDOWS\System32\GDI32.dll
0x00007ffb8f680000 - 0x00007ffb8f792000 	C:\WINDOWS\System32\gdi32full.dll
0x00007ffb8f7a0000 - 0x00007ffb8f83a000 	C:\WINDOWS\System32\msvcp_win.dll
0x00007ffb76340000 - 0x00007ffb765ce000 	C:\WINDOWS\WinSxS\amd64_microsoft.windows.common-controls_6595b64144ccf1df_6.0.22621.608_none_a9444ca7c10bb01d\COMCTL32.dll
0x00007ffb8fbd0000 - 0x00007ffb8fc77000 	C:\WINDOWS\System32\msvcrt.dll
0x00007ffb8faa0000 - 0x00007ffb8fad2000 	C:\WINDOWS\System32\IMM32.DLL
0x00007ffb262c0000 - 0x00007ffb2635d000 	C:\Program Files\Android\Android Studio\jre\bin\msvcp140.dll
0x00007ffb13da0000 - 0x00007ffb14885000 	C:\Program Files\Android\Android Studio\jre\bin\server\jvm.dll
0x00007ffb91230000 - 0x00007ffb912de000 	C:\WINDOWS\System32\ADVAPI32.dll
0x00007ffb90d80000 - 0x00007ffb90e24000 	C:\WINDOWS\System32\sechost.dll
0x00007ffb8fca0000 - 0x00007ffb8fdb5000 	C:\WINDOWS\System32\RPCRT4.dll
0x00007ffb83320000 - 0x00007ffb8332a000 	C:\WINDOWS\SYSTEM32\VERSION.dll
0x00007ffb820b0000 - 0x00007ffb820e4000 	C:\WINDOWS\SYSTEM32\WINMM.dll
0x00007ffb90d70000 - 0x00007ffb90d78000 	C:\WINDOWS\System32\PSAPI.DLL
0x00007ffb76870000 - 0x00007ffb76879000 	C:\WINDOWS\SYSTEM32\WSOCK32.dll
0x00007ffb90e30000 - 0x00007ffb90ea1000 	C:\WINDOWS\System32\WS2_32.dll
0x00007ffb8ded0000 - 0x00007ffb8dee8000 	C:\WINDOWS\SYSTEM32\kernel.appcore.dll
0x00007ffb55dc0000 - 0x00007ffb55dd1000 	C:\Program Files\Android\Android Studio\jre\bin\verify.dll
0x00007ffb89390000 - 0x00007ffb895be000 	C:\WINDOWS\SYSTEM32\DBGHELP.DLL
0x00007ffb914b0000 - 0x00007ffb9183a000 	C:\WINDOWS\System32\combase.dll
0x00007ffb8f960000 - 0x00007ffb8fa37000 	C:\WINDOWS\System32\OLEAUT32.dll
0x00007ffb83f70000 - 0x00007ffb83fa2000 	C:\WINDOWS\SYSTEM32\dbgcore.DLL
0x00007ffb8eee0000 - 0x00007ffb8ef5b000 	C:\WINDOWS\System32\bcryptPrimitives.dll
0x00007ffb4e8e0000 - 0x00007ffb4e909000 	C:\Program Files\Android\Android Studio\jre\bin\java.dll
0x00007ffb67240000 - 0x00007ffb6724b000 	C:\Program Files\Android\Android Studio\jre\bin\jimage.dll
0x00007ffb4eb30000 - 0x00007ffb4eb48000 	C:\Program Files\Android\Android Studio\jre\bin\zip.dll
0x00007ffb90580000 - 0x00007ffb90d6f000 	C:\WINDOWS\System32\SHELL32.dll
0x00007ffb8cea0000 - 0x00007ffb8d768000 	C:\WINDOWS\SYSTEM32\windows.storage.dll
0x00007ffb8cd60000 - 0x00007ffb8ce9e000 	C:\WINDOWS\SYSTEM32\wintypes.dll
0x00007ffb8ff90000 - 0x00007ffb90081000 	C:\WINDOWS\System32\SHCORE.dll
0x00007ffb900a0000 - 0x00007ffb900fe000 	C:\WINDOWS\System32\shlwapi.dll
0x00007ffb8eda0000 - 0x00007ffb8edc1000 	C:\WINDOWS\SYSTEM32\profapi.dll
0x00007ffb4e710000 - 0x00007ffb4e72a000 	C:\Program Files\Android\Android Studio\jre\bin\net.dll
0x00007ffb831f0000 - 0x00007ffb8331f000 	C:\WINDOWS\SYSTEM32\WINHTTP.dll
0x00007ffb8e330000 - 0x00007ffb8e399000 	C:\WINDOWS\system32\mswsock.dll
0x00007ffb4d1e0000 - 0x00007ffb4d1f4000 	C:\Program Files\Android\Android Studio\jre\bin\nio.dll
0x00007ffb34330000 - 0x00007ffb34357000 	C:\Users\user\.gradle\native\e1d6ef7f7dcc3fd88c89a11ec53ec762bb8ba0a96d01ffa2cd45eb1d1d8dd5c5\windows-amd64\native-platform.dll
0x00007ffb25440000 - 0x00007ffb25584000 	C:\Users\user\.gradle\native\5664cfc778a61ccfe75a443a1ab52a65af34e5dc3c78e0209fed803814484fcb\windows-amd64\native-platform-file-events.dll
0x00007ffb5e710000 - 0x00007ffb5e71a000 	C:\Program Files\Android\Android Studio\jre\bin\management.dll
0x00007ffb5c650000 - 0x00007ffb5c65d000 	C:\Program Files\Android\Android Studio\jre\bin\management_ext.dll
0x00007ffb8e580000 - 0x00007ffb8e59b000 	C:\WINDOWS\SYSTEM32\CRYPTSP.dll
0x00007ffb8de40000 - 0x00007ffb8de75000 	C:\WINDOWS\system32\rsaenh.dll
0x00007ffb8e420000 - 0x00007ffb8e448000 	C:\WINDOWS\SYSTEM32\USERENV.dll
0x00007ffb8e740000 - 0x00007ffb8e768000 	C:\WINDOWS\SYSTEM32\bcrypt.dll
0x00007ffb8e5a0000 - 0x00007ffb8e5ac000 	C:\WINDOWS\SYSTEM32\CRYPTBASE.dll
0x00007ffb8d9c0000 - 0x00007ffb8d9ed000 	C:\WINDOWS\SYSTEM32\IPHLPAPI.DLL
0x00007ffb91070000 - 0x00007ffb91079000 	C:\WINDOWS\System32\NSI.dll
0x00007ffb80630000 - 0x00007ffb80649000 	C:\WINDOWS\SYSTEM32\dhcpcsvc6.DLL
0x00007ffb80610000 - 0x00007ffb8062f000 	C:\WINDOWS\SYSTEM32\dhcpcsvc.DLL
0x00007ffb8d9f0000 - 0x00007ffb8dae2000 	C:\WINDOWS\SYSTEM32\DNSAPI.dll

dbghelp: loaded successfully - version: 4.0.5 - missing functions: none
symbol engine: initialized successfully - sym options: 0x614 - pdb path: .;C:\Program Files\Android\Android Studio\jre\bin;C:\WINDOWS\SYSTEM32;C:\WINDOWS\WinSxS\amd64_microsoft.windows.common-controls_6595b64144ccf1df_6.0.22621.608_none_a9444ca7c10bb01d;C:\Program Files\Android\Android Studio\jre\bin\server;C:\Users\user\.gradle\native\e1d6ef7f7dcc3fd88c89a11ec53ec762bb8ba0a96d01ffa2cd45eb1d1d8dd5c5\windows-amd64;C:\Users\user\.gradle\native\5664cfc778a61ccfe75a443a1ab52a65af34e5dc3c78e0209fed803814484fcb\windows-amd64

VM Arguments:
jvm_args: --add-opens=java.base/java.util=ALL-UNNAMED --add-opens=java.base/java.lang=ALL-UNNAMED --add-opens=java.base/java.lang.invoke=ALL-UNNAMED --add-opens=java.base/java.util=ALL-UNNAMED --add-opens=java.prefs/java.util.prefs=ALL-UNNAMED --add-opens=java.prefs/java.util.prefs=ALL-UNNAMED --add-opens=java.base/java.nio.charset=ALL-UNNAMED --add-opens=java.base/java.net=ALL-UNNAMED --add-opens=java.base/java.util.concurrent.atomic=ALL-UNNAMED -Xmx2048m -Dfile.encoding=UTF-8 -Duser.country=IN -Duser.language=en -Duser.variant 
java_command: org.gradle.launcher.daemon.bootstrap.GradleDaemon 7.3.3
java_class_path (initial): C:\Users\user\.gradle\wrapper\dists\gradle-7.3.3-bin\6a41zxkdtcxs8rphpq6y0069z\gradle-7.3.3\lib\gradle-launcher-7.3.3.jar
Launcher Type: SUN_STANDARD

[Global flags]
     intx CICompilerCount                          = 3                                         {product} {ergonomic}
     uint ConcGCThreads                            = 1                                         {product} {ergonomic}
     uint G1ConcRefinementThreads                  = 4                                         {product} {ergonomic}
   size_t G1HeapRegionSize                         = 1048576                                   {product} {ergonomic}
    uintx GCDrainStackTargetSize                   = 64                                        {product} {ergonomic}
   size_t InitialHeapSize                          = 65011712                                  {product} {ergonomic}
   size_t MarkStackSize                            = 4194304                                   {product} {ergonomic}
   size_t MaxHeapSize                              = 2147483648                                {product} {command line}
   size_t MaxNewSize                               = 1287651328                                {product} {ergonomic}
   size_t MinHeapDeltaBytes                        = 1048576                                   {product} {ergonomic}
    uintx NonNMethodCodeHeapSize                   = 5830732                                {pd product} {ergonomic}
    uintx NonProfiledCodeHeapSize                  = 122913754                              {pd product} {ergonomic}
    uintx ProfiledCodeHeapSize                     = 122913754                              {pd product} {ergonomic}
    uintx ReservedCodeCacheSize                    = 251658240                              {pd product} {ergonomic}
     bool SegmentedCodeCache                       = true                                      {product} {ergonomic}
     bool UseCompressedClassPointers               = true                                 {lp64_product} {ergonomic}
     bool UseCompressedOops                        = true                                 {lp64_product} {ergonomic}
     bool UseG1GC                                  = true                                      {product} {ergonomic}
     bool UseLargePagesIndividualAllocation        = false                                  {pd product} {ergonomic}

Logging:
Log output configuration:
 #0: stdout all=warning uptime,level,tags
 #1: stderr all=off uptime,level,tags

Environment Variables:
PATH=C:\Python36\Scripts\;C:\Python36\;C:\WINDOWS\system32;C:\WINDOWS;C:\WINDOWS\System32\Wbem;C:\WINDOWS\System32\WindowsPowerShell\v1.0\;C:\WINDOWS\System32\OpenSSH\;C:\Python36\Scripts\;C:\Python36\;C:\Users\user\AppData\Local\Microsoft\WindowsApps;;C:\Users\user\AppData\Local\Programs\Microsoft VS Code\bin
USERNAME=user
OS=Windows_NT
PROCESSOR_IDENTIFIER=Intel64 Family 6 Model 142 Stepping 12, GenuineIntel



---------------  S Y S T E M  ---------------

OS: Windows 10 , 64 bit Build 22621 (10.0.22621.963)
OS uptime: 14 days 17:41 hours

CPU:total 4 (initial active 4) (2 cores per cpu, 2 threads per core) family 6 model 142 stepping 12 microcode 0xde, cmov, cx8, fxsr, mmx, sse, sse2, sse3, ssse3, sse4.1, sse4.2, popcnt, avx, avx2, aes, clmul, erms, 3dnowpref, lzcnt, ht, tsc, tscinvbit, bmi1, bmi2, adx, fma

Memory: 4k page, system-wide physical 3930M (510M free)
TotalPageFile size 16218M (AvailPageFile size 3M)
current process WorkingSet (physical memory assigned to process): 175M, peak: 176M
current process commit charge ("private bytes"): 240M, peak: 243M

vm_info: OpenJDK 64-Bit Server VM (11.0.12+7-b1504.28-7817840) for windows-amd64 JRE (11.0.12+7-b1504.28-7817840), built on Oct 13 2021 22:12:33 by "builder" with MS VC++ 14.0 (VS2015)

END.
